{"numTotalTestSuites":2,"numPassedTestSuites":2,"numFailedTestSuites":0,"numPendingTestSuites":0,"numTotalTests":8,"numPassedTests":8,"numFailedTests":0,"numPendingTests":0,"numTodoTests":0,"snapshot":{"added":0,"failure":false,"filesAdded":0,"filesRemoved":0,"filesRemovedList":[],"filesUnmatched":0,"filesUpdated":0,"matched":0,"total":0,"unchecked":0,"uncheckedKeysByFile":[],"unmatched":0,"updated":0,"didUpdate":false},"startTime":1788269571064,"success":true,"testResults":[{"assertionResults":[{"ancestorTitles":["landing sign playback demo"],"fullName":"landing sign playback demo fetches immediately on mount when the page is first accessed","status":"passed","title":"fetches immediately on mount when the page is first accessed","duration":63.467800000000125,"failureMessages":[],"meta":{},"tags":[]},{"ancestorTitles":["landing sign playback demo"],"fullName":"landing sign playback demo does not wait for scroll to load the visible hero asset","status":"passed","title":"does not wait for scroll to load the visible hero asset","duration":15.041400000000067,"failureMessages":[],"meta":{},"tags":[]},{"ancestorTitles":["landing sign playback demo"],"fullName":"landing sign playback demo does not observe or fetch at all under reduced motion","status":"passed","title":"does not observe or fetch at all under reduced motion","duration":114.77080000000001,"failureMessages":[],"meta":{},"tags":[]},{"ancestorTitles":["landing sign playback demo"],"fullName":"landing sign playback demo shows a loading state immediately when the page is first accessed","status":"passed","title":"shows a loading state immediately when the page is first accessed","duration":20.831500000000005,"failureMessages":[],"meta":{},"tags":[]},{"ancestorTitles":["landing sign playback demo"],"fullName":"landing sign playback demo never claims an accuracy figure","status":"passed","title":"never claims an accuracy figure","duration":11.284900000000107,"failureMessages":[],"meta":{},"tags":[]},{"ancestorTitles":["landing sign playback demo"],"fullName":"landing sign playback demo shows a placeholder rather than a blank panel while loading","status":"passed","title":"shows a placeholder rather than a blank panel while loading","duration":9.460399999999936,"failureMessages":[],"meta":{},"tags":[]},{"ancestorTitles":["landing sign playback demo"],"fullName":"landing sign playback demo does not restart the player when frame progress re-renders the panel","status":"passed","title":"does not restart the player when frame progress re-renders the panel","duration":44.87720000000036,"failureMessages":[],"meta":{},"tags":[]},{"ancestorTitles":["landing sign playback demo"],"fullName":"landing sign playback demo says so plainly when the sign is not published","status":"passed","title":"says so plainly when the sign is not published","duration":17.317000000000007,"failureMessages":[],"meta":{},"tags":[]}],"startTime":1788269573167,"endTime":1788269573464.317,"status":"passed","message":"","name":"C:/Arwin/Thesis/SignLangVisual/src/components/landing/__tests__/signPlaybackDemo.test.tsx"}]}