{"C:\\Arwin\\Thesis\\SignLangVisual\\src\\features\\logging\\logger.ts": {"path":"C:\\Arwin\\Thesis\\SignLangVisual\\src\\features\\logging\\logger.ts","statementMap":{"0":{"start":{"line":26,"column":13},"end":{"line":26,"column":null}},"1":{"start":{"line":28,"column":6},"end":{"line":31,"column":null}},"2":{"start":{"line":29,"column":2},"end":{"line":29,"column":null}},"3":{"start":{"line":30,"column":2},"end":{"line":30,"column":null}},"4":{"start":{"line":33,"column":13},"end":{"line":35,"column":null}},"5":{"start":{"line":34,"column":2},"end":{"line":34,"column":null}},"6":{"start":{"line":48,"column":13},"end":{"line":74,"column":null}},"7":{"start":{"line":49,"column":26},"end":{"line":58,"column":null}},"8":{"start":{"line":60,"column":2},"end":{"line":60,"column":null}},"9":{"start":{"line":62,"column":2},"end":{"line":71,"column":null}},"10":{"start":{"line":63,"column":4},"end":{"line":70,"column":null}},"11":{"start":{"line":73,"column":2},"end":{"line":73,"column":null}},"12":{"start":{"line":76,"column":13},"end":{"line":106,"column":null}},"13":{"start":{"line":77,"column":8},"end":{"line":77,"column":null}},"14":{"start":{"line":78,"column":16},"end":{"line":78,"column":null}},"15":{"start":{"line":80,"column":4},"end":{"line":82,"column":null}},"16":{"start":{"line":81,"column":32},"end":{"line":81,"column":52}},"17":{"start":{"line":84,"column":4},"end":{"line":86,"column":null}},"18":{"start":{"line":85,"column":32},"end":{"line":85,"column":57}},"19":{"start":{"line":88,"column":4},"end":{"line":88,"column":null}},"20":{"start":{"line":88,"column":40},"end":{"line":88,"column":53}},"21":{"start":{"line":90,"column":27},"end":{"line":98,"column":null}},"22":{"start":{"line":99,"column":2},"end":{"line":99,"column":null}},"23":{"start":{"line":101,"column":2},"end":{"line":103,"column":null}},"24":{"start":{"line":102,"column":4},"end":{"line":102,"column":null}},"25":{"start":{"line":105,"column":2},"end":{"line":105,"column":null}},"26":{"start":{"line":108,"column":13},"end":{"line":158,"column":null}},"27":{"start":{"line":109,"column":8},"end":{"line":109,"column":null}},"28":{"start":{"line":110,"column":8},"end":{"line":110,"column":null}},"29":{"start":{"line":112,"column":46},"end":{"line":112,"column":null}},"30":{"start":{"line":113,"column":18},"end":{"line":113,"column":null}},"31":{"start":{"line":114,"column":19},"end":{"line":114,"column":null}},"32":{"start":{"line":115,"column":24},"end":{"line":115,"column":null}},"33":{"start":{"line":116,"column":20},"end":{"line":116,"column":null}},"34":{"start":{"line":117,"column":25},"end":{"line":117,"column":null}},"35":{"start":{"line":119,"column":2},"end":{"line":132,"column":null}},"36":{"start":{"line":120,"column":4},"end":{"line":121,"column":null}},"37":{"start":{"line":122,"column":4},"end":{"line":122,"column":null}},"38":{"start":{"line":124,"column":4},"end":{"line":127,"column":null}},"39":{"start":{"line":125,"column":6},"end":{"line":125,"column":null}},"40":{"start":{"line":126,"column":6},"end":{"line":126,"column":null}},"41":{"start":{"line":128,"column":4},"end":{"line":131,"column":null}},"42":{"start":{"line":129,"column":6},"end":{"line":129,"column":null}},"43":{"start":{"line":130,"column":6},"end":{"line":130,"column":null}},"44":{"start":{"line":134,"column":28},"end":{"line":134,"column":null}},"45":{"start":{"line":135,"column":17},"end":{"line":135,"column":null}},"46":{"start":{"line":136,"column":2},"end":{"line":141,"column":null}},"47":{"start":{"line":137,"column":4},"end":{"line":140,"column":null}},"48":{"start":{"line":138,"column":6},"end":{"line":138,"column":null}},"49":{"start":{"line":139,"column":6},"end":{"line":139,"column":null}},"50":{"start":{"line":143,"column":28},"end":{"line":145,"column":null}},"51":{"start":{"line":147,"column":2},"end":{"line":157,"column":null}},"52":{"start":{"line":160,"column":13},"end":{"line":162,"column":null}},"53":{"start":{"line":161,"column":2},"end":{"line":161,"column":null}},"54":{"start":{"line":164,"column":13},"end":{"line":183,"column":null}},"55":{"start":{"line":169,"column":33},"end":{"line":173,"column":null}},"56":{"start":{"line":174,"column":2},"end":{"line":174,"column":null}},"57":{"start":{"line":176,"column":2},"end":{"line":181,"column":null}},"58":{"start":{"line":177,"column":4},"end":{"line":180,"column":null}},"59":{"start":{"line":182,"column":2},"end":{"line":182,"column":null}},"60":{"start":{"line":185,"column":13},"end":{"line":223,"column":null}},"61":{"start":{"line":186,"column":8},"end":{"line":186,"column":null}},"62":{"start":{"line":187,"column":8},"end":{"line":187,"column":null}},"63":{"start":{"line":189,"column":46},"end":{"line":189,"column":null}},"64":{"start":{"line":190,"column":18},"end":{"line":190,"column":null}},"65":{"start":{"line":191,"column":25},"end":{"line":191,"column":null}},"66":{"start":{"line":193,"column":2},"end":{"line":198,"column":null}},"67":{"start":{"line":194,"column":4},"end":{"line":195,"column":null}},"68":{"start":{"line":196,"column":4},"end":{"line":196,"column":null}},"69":{"start":{"line":197,"column":4},"end":{"line":197,"column":null}},"70":{"start":{"line":200,"column":28},"end":{"line":200,"column":null}},"71":{"start":{"line":201,"column":17},"end":{"line":201,"column":null}},"72":{"start":{"line":202,"column":2},"end":{"line":207,"column":null}},"73":{"start":{"line":203,"column":4},"end":{"line":206,"column":null}},"74":{"start":{"line":204,"column":6},"end":{"line":204,"column":null}},"75":{"start":{"line":205,"column":6},"end":{"line":205,"column":null}},"76":{"start":{"line":209,"column":26},"end":{"line":213,"column":null}},"77":{"start":{"line":210,"column":18},"end":{"line":210,"column":null}},"78":{"start":{"line":211,"column":16},"end":{"line":211,"column":null}},"79":{"start":{"line":212,"column":4},"end":{"line":212,"column":null}},"80":{"start":{"line":215,"column":2},"end":{"line":222,"column":null}},"81":{"start":{"line":225,"column":13},"end":{"line":227,"column":null}},"82":{"start":{"line":226,"column":2},"end":{"line":226,"column":null}}},"fnMap":{"0":{"name":"(anonymous_0)","decl":{"start":{"line":28,"column":6},"end":{"line":28,"column":33}},"loc":{"start":{"line":28,"column":33},"end":{"line":31,"column":null}},"line":28},"1":{"name":"(anonymous_1)","decl":{"start":{"line":33,"column":13},"end":{"line":33,"column":43}},"loc":{"start":{"line":33,"column":43},"end":{"line":35,"column":null}},"line":33},"2":{"name":"(anonymous_2)","decl":{"start":{"line":48,"column":13},"end":{"line":48,"column":33}},"loc":{"start":{"line":48,"column":78},"end":{"line":74,"column":null}},"line":48},"3":{"name":"(anonymous_3)","decl":{"start":{"line":76,"column":13},"end":{"line":76,"column":27}},"loc":{"start":{"line":76,"column":77},"end":{"line":106,"column":null}},"line":76},"4":{"name":"(anonymous_4)","decl":{"start":{"line":81,"column":13},"end":{"line":81,"column":21}},"loc":{"start":{"line":81,"column":32},"end":{"line":81,"column":52}},"line":81},"5":{"name":"(anonymous_5)","decl":{"start":{"line":85,"column":13},"end":{"line":85,"column":21}},"loc":{"start":{"line":85,"column":32},"end":{"line":85,"column":57}},"line":85},"6":{"name":"(anonymous_6)","decl":{"start":{"line":88,"column":21},"end":{"line":88,"column":29}},"loc":{"start":{"line":88,"column":40},"end":{"line":88,"column":53}},"line":88},"7":{"name":"(anonymous_7)","decl":{"start":{"line":108,"column":13},"end":{"line":108,"column":36}},"loc":{"start":{"line":108,"column":76},"end":{"line":158,"column":null}},"line":108},"8":{"name":"(anonymous_8)","decl":{"start":{"line":160,"column":13},"end":{"line":160,"column":37}},"loc":{"start":{"line":160,"column":78},"end":{"line":162,"column":null}},"line":160},"9":{"name":"(anonymous_9)","decl":{"start":{"line":164,"column":13},"end":{"line":164,"column":36}},"loc":{"start":{"line":168,"column":23},"end":{"line":183,"column":null}},"line":168},"10":{"name":"(anonymous_10)","decl":{"start":{"line":185,"column":13},"end":{"line":185,"column":44}},"loc":{"start":{"line":185,"column":44},"end":{"line":223,"column":null}},"line":185},"11":{"name":"(anonymous_11)","decl":{"start":{"line":209,"column":35},"end":{"line":209,"column":43}},"loc":{"start":{"line":209,"column":54},"end":{"line":213,"column":5}},"line":209},"12":{"name":"(anonymous_12)","decl":{"start":{"line":225,"column":13},"end":{"line":225,"column":34}},"loc":{"start":{"line":225,"column":61},"end":{"line":227,"column":null}},"line":225}},"branchMap":{"0":{"loc":{"start":{"line":62,"column":2},"end":{"line":71,"column":null}},"type":"if","locations":[{"start":{"line":62,"column":2},"end":{"line":71,"column":null}},{"start":{},"end":{}}],"line":62},"1":{"loc":{"start":{"line":80,"column":4},"end":{"line":82,"column":null}},"type":"cond-expr","locations":[{"start":{"line":81,"column":8},"end":{"line":81,"column":null}},{"start":{"line":82,"column":8},"end":{"line":82,"column":null}}],"line":80},"2":{"loc":{"start":{"line":84,"column":4},"end":{"line":86,"column":null}},"type":"cond-expr","locations":[{"start":{"line":85,"column":8},"end":{"line":85,"column":null}},{"start":{"line":86,"column":8},"end":{"line":86,"column":null}}],"line":84},"3":{"loc":{"start":{"line":88,"column":4},"end":{"line":88,"column":null}},"type":"cond-expr","locations":[{"start":{"line":88,"column":16},"end":{"line":88,"column":66}},{"start":{"line":88,"column":66},"end":{"line":88,"column":null}}],"line":88},"4":{"loc":{"start":{"line":101,"column":2},"end":{"line":103,"column":null}},"type":"if","locations":[{"start":{"line":101,"column":2},"end":{"line":103,"column":null}},{"start":{},"end":{}}],"line":101},"5":{"loc":{"start":{"line":121,"column":7},"end":{"line":121,"column":47}},"type":"binary-expr","locations":[{"start":{"line":121,"column":7},"end":{"line":121,"column":42}},{"start":{"line":121,"column":42},"end":{"line":121,"column":47}}],"line":121},"6":{"loc":{"start":{"line":124,"column":4},"end":{"line":127,"column":null}},"type":"if","locations":[{"start":{"line":124,"column":4},"end":{"line":127,"column":null}},{"start":{},"end":{}}],"line":124},"7":{"loc":{"start":{"line":128,"column":4},"end":{"line":131,"column":null}},"type":"if","locations":[{"start":{"line":128,"column":4},"end":{"line":131,"column":null}},{"start":{},"end":{}}],"line":128},"8":{"loc":{"start":{"line":137,"column":4},"end":{"line":140,"column":null}},"type":"if","locations":[{"start":{"line":137,"column":4},"end":{"line":140,"column":null}},{"start":{},"end":{}}],"line":137},"9":{"loc":{"start":{"line":143,"column":28},"end":{"line":145,"column":null}},"type":"cond-expr","locations":[{"start":{"line":144,"column":6},"end":{"line":144,"column":null}},{"start":{"line":145,"column":6},"end":{"line":145,"column":null}}],"line":143},"10":{"loc":{"start":{"line":149,"column":23},"end":{"line":149,"column":null}},"type":"cond-expr","locations":[{"start":{"line":149,"column":41},"end":{"line":149,"column":67}},{"start":{"line":149,"column":67},"end":{"line":149,"column":null}}],"line":149},"11":{"loc":{"start":{"line":151,"column":22},"end":{"line":151,"column":null}},"type":"cond-expr","locations":[{"start":{"line":151,"column":48},"end":{"line":151,"column":52}},{"start":{"line":151,"column":52},"end":{"line":151,"column":null}}],"line":151},"12":{"loc":{"start":{"line":153,"column":23},"end":{"line":153,"column":null}},"type":"cond-expr","locations":[{"start":{"line":153,"column":51},"end":{"line":153,"column":55}},{"start":{"line":153,"column":55},"end":{"line":153,"column":null}}],"line":153},"13":{"loc":{"start":{"line":171,"column":15},"end":{"line":171,"column":null}},"type":"binary-expr","locations":[{"start":{"line":171,"column":15},"end":{"line":171,"column":34}},{"start":{"line":171,"column":34},"end":{"line":171,"column":null}}],"line":171},"14":{"loc":{"start":{"line":176,"column":2},"end":{"line":181,"column":null}},"type":"if","locations":[{"start":{"line":176,"column":2},"end":{"line":181,"column":null}},{"start":{},"end":{}}],"line":176},"15":{"loc":{"start":{"line":195,"column":7},"end":{"line":195,"column":47}},"type":"binary-expr","locations":[{"start":{"line":195,"column":7},"end":{"line":195,"column":42}},{"start":{"line":195,"column":42},"end":{"line":195,"column":47}}],"line":195},"16":{"loc":{"start":{"line":203,"column":4},"end":{"line":206,"column":null}},"type":"if","locations":[{"start":{"line":203,"column":4},"end":{"line":206,"column":null}},{"start":{},"end":{}}],"line":203},"17":{"loc":{"start":{"line":219,"column":23},"end":{"line":219,"column":null}},"type":"cond-expr","locations":[{"start":{"line":219,"column":46},"end":{"line":219,"column":77}},{"start":{"line":219,"column":77},"end":{"line":219,"column":null}}],"line":219}},"s":{"0":1,"1":1,"2":14,"3":14,"4":1,"5":15,"6":1,"7":14,"8":14,"9":14,"10":2,"11":14,"12":1,"13":6,"14":6,"15":6,"16":5,"17":6,"18":5,"19":6,"20":5,"21":6,"22":6,"23":6,"24":1,"25":6,"26":1,"27":2,"28":2,"29":2,"30":2,"31":2,"32":2,"33":2,"34":2,"35":2,"36":6,"37":6,"38":6,"39":2,"40":2,"41":6,"42":1,"43":1,"44":2,"45":2,"46":2,"47":2,"48":1,"49":1,"50":2,"51":2,"52":1,"53":0,"54":1,"55":4,"56":4,"57":4,"58":1,"59":4,"60":1,"61":2,"62":2,"63":2,"64":2,"65":2,"66":2,"67":2,"68":2,"69":2,"70":2,"71":2,"72":2,"73":2,"74":1,"75":1,"76":2,"77":2,"78":2,"79":2,"80":2,"81":1,"82":5},"f":{"0":14,"1":15,"2":14,"3":6,"4":5,"5":5,"6":5,"7":2,"8":0,"9":4,"10":2,"11":2,"12":5},"b":{"0":[2,12],"1":[4,2],"2":[4,2],"3":[4,2],"4":[1,5],"5":[6,2],"6":[2,4],"7":[1,5],"8":[1,1],"9":[0,2],"10":[1,1],"11":[1,1],"12":[1,1],"13":[4,3],"14":[1,3],"15":[2,2],"16":[1,1],"17":[1,1]},"meta":{"lastBranch":18,"lastFunction":13,"lastStatement":83,"seen":{"s:26:13:26:Infinity":0,"s:28:6:31:Infinity":1,"f:28:6:28:33":0,"s:29:2:29:Infinity":2,"s:30:2:30:Infinity":3,"s:33:13:35:Infinity":4,"f:33:13:33:43":1,"s:34:2:34:Infinity":5,"s:48:13:74:Infinity":6,"f:48:13:48:33":2,"s:49:26:58:Infinity":7,"s:60:2:60:Infinity":8,"b:62:2:71:Infinity:undefined:undefined:undefined:undefined":0,"s:62:2:71:Infinity":9,"s:63:4:70:Infinity":10,"s:73:2:73:Infinity":11,"s:76:13:106:Infinity":12,"f:76:13:76:27":3,"s:77:8:77:Infinity":13,"s:78:16:78:Infinity":14,"s:80:4:82:Infinity":15,"b:81:8:81:Infinity:82:8:82:Infinity":1,"f:81:13:81:21":4,"s:81:32:81:52":16,"s:84:4:86:Infinity":17,"b:85:8:85:Infinity:86:8:86:Infinity":2,"f:85:13:85:21":5,"s:85:32:85:57":18,"s:88:4:88:Infinity":19,"b:88:16:88:66:88:66:88:Infinity":3,"f:88:21:88:29":6,"s:88:40:88:53":20,"s:90:27:98:Infinity":21,"s:99:2:99:Infinity":22,"b:101:2:103:Infinity:undefined:undefined:undefined:undefined":4,"s:101:2:103:Infinity":23,"s:102:4:102:Infinity":24,"s:105:2:105:Infinity":25,"s:108:13:158:Infinity":26,"f:108:13:108:36":7,"s:109:8:109:Infinity":27,"s:110:8:110:Infinity":28,"s:112:46:112:Infinity":29,"s:113:18:113:Infinity":30,"s:114:19:114:Infinity":31,"s:115:24:115:Infinity":32,"s:116:20:116:Infinity":33,"s:117:25:117:Infinity":34,"s:119:2:132:Infinity":35,"s:120:4:121:Infinity":36,"b:121:7:121:42:121:42:121:47":5,"s:122:4:122:Infinity":37,"b:124:4:127:Infinity:undefined:undefined:undefined:undefined":6,"s:124:4:127:Infinity":38,"s:125:6:125:Infinity":39,"s:126:6:126:Infinity":40,"b:128:4:131:Infinity:undefined:undefined:undefined:undefined":7,"s:128:4:131:Infinity":41,"s:129:6:129:Infinity":42,"s:130:6:130:Infinity":43,"s:134:28:134:Infinity":44,"s:135:17:135:Infinity":45,"s:136:2:141:Infinity":46,"b:137:4:140:Infinity:undefined:undefined:undefined:undefined":8,"s:137:4:140:Infinity":47,"s:138:6:138:Infinity":48,"s:139:6:139:Infinity":49,"s:143:28:145:Infinity":50,"b:144:6:144:Infinity:145:6:145:Infinity":9,"s:147:2:157:Infinity":51,"b:149:41:149:67:149:67:149:Infinity":10,"b:151:48:151:52:151:52:151:Infinity":11,"b:153:51:153:55:153:55:153:Infinity":12,"s:160:13:162:Infinity":52,"f:160:13:160:37":8,"s:161:2:161:Infinity":53,"s:164:13:183:Infinity":54,"f:164:13:164:36":9,"s:169:33:173:Infinity":55,"b:171:15:171:34:171:34:171:Infinity":13,"s:174:2:174:Infinity":56,"b:176:2:181:Infinity:undefined:undefined:undefined:undefined":14,"s:176:2:181:Infinity":57,"s:177:4:180:Infinity":58,"s:182:2:182:Infinity":59,"s:185:13:223:Infinity":60,"f:185:13:185:44":10,"s:186:8:186:Infinity":61,"s:187:8:187:Infinity":62,"s:189:46:189:Infinity":63,"s:190:18:190:Infinity":64,"s:191:25:191:Infinity":65,"s:193:2:198:Infinity":66,"s:194:4:195:Infinity":67,"b:195:7:195:42:195:42:195:47":15,"s:196:4:196:Infinity":68,"s:197:4:197:Infinity":69,"s:200:28:200:Infinity":70,"s:201:17:201:Infinity":71,"s:202:2:207:Infinity":72,"b:203:4:206:Infinity:undefined:undefined:undefined:undefined":16,"s:203:4:206:Infinity":73,"s:204:6:204:Infinity":74,"s:205:6:205:Infinity":75,"s:209:26:213:Infinity":76,"f:209:35:209:43":11,"s:210:18:210:Infinity":77,"s:211:16:211:Infinity":78,"s:212:4:212:Infinity":79,"s:215:2:222:Infinity":80,"b:219:46:219:77:219:77:219:Infinity":17,"s:225:13:227:Infinity":81,"f:225:13:225:34":12,"s:226:2:226:Infinity":82}}}
,"C:\\Arwin\\Thesis\\SignLangVisual\\src\\features\\logging\\storage.ts": {"path":"C:\\Arwin\\Thesis\\SignLangVisual\\src\\features\\logging\\storage.ts","statementMap":{"0":{"start":{"line":3,"column":17},"end":{"line":3,"column":null}},"1":{"start":{"line":4,"column":21},"end":{"line":4,"column":null}},"2":{"start":{"line":5,"column":24},"end":{"line":5,"column":null}},"3":{"start":{"line":6,"column":18},"end":{"line":6,"column":null}},"4":{"start":{"line":7,"column":22},"end":{"line":7,"column":null}},"5":{"start":{"line":8,"column":26},"end":{"line":8,"column":null}},"6":{"start":{"line":44,"column":2},"end":{"line":51,"column":null}},"7":{"start":{"line":45,"column":16},"end":{"line":45,"column":null}},"8":{"start":{"line":46,"column":4},"end":{"line":46,"column":null}},"9":{"start":{"line":47,"column":4},"end":{"line":47,"column":null}},"10":{"start":{"line":48,"column":4},"end":{"line":48,"column":null}},"11":{"start":{"line":50,"column":4},"end":{"line":50,"column":null}},"12":{"start":{"line":54,"column":24},"end":{"line":54,"column":null}},"13":{"start":{"line":57,"column":2},"end":{"line":57,"column":null}},"14":{"start":{"line":57,"column":24},"end":{"line":57,"column":null}},"15":{"start":{"line":58,"column":2},"end":{"line":63,"column":null}},"16":{"start":{"line":59,"column":16},"end":{"line":59,"column":null}},"17":{"start":{"line":60,"column":4},"end":{"line":60,"column":null}},"18":{"start":{"line":62,"column":4},"end":{"line":62,"column":null}},"19":{"start":{"line":67,"column":2},"end":{"line":67,"column":null}},"20":{"start":{"line":67,"column":24},"end":{"line":67,"column":null}},"21":{"start":{"line":68,"column":2},"end":{"line":80,"column":null}},"22":{"start":{"line":69,"column":4},"end":{"line":69,"column":null}},"23":{"start":{"line":71,"column":4},"end":{"line":79,"column":null}},"24":{"start":{"line":72,"column":18},"end":{"line":72,"column":null}},"25":{"start":{"line":73,"column":6},"end":{"line":77,"column":null}},"26":{"start":{"line":74,"column":23},"end":{"line":74,"column":null}},"27":{"start":{"line":75,"column":22},"end":{"line":75,"column":null}},"28":{"start":{"line":76,"column":8},"end":{"line":76,"column":null}},"29":{"start":{"line":83,"column":13},"end":{"line":87,"column":null}},"30":{"start":{"line":84,"column":15},"end":{"line":84,"column":null}},"31":{"start":{"line":85,"column":2},"end":{"line":85,"column":null}},"32":{"start":{"line":86,"column":2},"end":{"line":86,"column":null}},"33":{"start":{"line":89,"column":13},"end":{"line":92,"column":null}},"34":{"start":{"line":90,"column":15},"end":{"line":90,"column":null}},"35":{"start":{"line":91,"column":2},"end":{"line":91,"column":null}},"36":{"start":{"line":91,"column":28},"end":{"line":91,"column":54}},"37":{"start":{"line":94,"column":13},"end":{"line":96,"column":null}},"38":{"start":{"line":95,"column":2},"end":{"line":95,"column":null}},"39":{"start":{"line":98,"column":13},"end":{"line":107,"column":null}},"40":{"start":{"line":99,"column":19},"end":{"line":99,"column":null}},"41":{"start":{"line":100,"column":16},"end":{"line":100,"column":null}},"42":{"start":{"line":100,"column":42},"end":{"line":100,"column":75}},"43":{"start":{"line":101,"column":2},"end":{"line":105,"column":null}},"44":{"start":{"line":102,"column":4},"end":{"line":102,"column":null}},"45":{"start":{"line":104,"column":4},"end":{"line":104,"column":null}},"46":{"start":{"line":106,"column":2},"end":{"line":106,"column":null}},"47":{"start":{"line":109,"column":13},"end":{"line":111,"column":null}},"48":{"start":{"line":110,"column":2},"end":{"line":110,"column":null}},"49":{"start":{"line":113,"column":13},"end":{"line":116,"column":null}},"50":{"start":{"line":114,"column":19},"end":{"line":114,"column":null}},"51":{"start":{"line":115,"column":2},"end":{"line":115,"column":null}},"52":{"start":{"line":115,"column":30},"end":{"line":115,"column":55}},"53":{"start":{"line":118,"column":13},"end":{"line":134,"column":null}},"54":{"start":{"line":119,"column":19},"end":{"line":119,"column":null}},"55":{"start":{"line":120,"column":2},"end":{"line":123,"column":null}},"56":{"start":{"line":122,"column":27},"end":{"line":122,"column":52}},"57":{"start":{"line":124,"column":15},"end":{"line":124,"column":null}},"58":{"start":{"line":125,"column":2},"end":{"line":128,"column":null}},"59":{"start":{"line":127,"column":23},"end":{"line":127,"column":50}},"60":{"start":{"line":129,"column":22},"end":{"line":129,"column":null}},"61":{"start":{"line":130,"column":2},"end":{"line":133,"column":null}},"62":{"start":{"line":132,"column":30},"end":{"line":132,"column":55}},"63":{"start":{"line":136,"column":13},"end":{"line":141,"column":null}},"64":{"start":{"line":137,"column":2},"end":{"line":137,"column":null}},"65":{"start":{"line":137,"column":24},"end":{"line":137,"column":null}},"66":{"start":{"line":138,"column":2},"end":{"line":138,"column":null}},"67":{"start":{"line":139,"column":2},"end":{"line":139,"column":null}},"68":{"start":{"line":140,"column":2},"end":{"line":140,"column":null}},"69":{"start":{"line":143,"column":13},"end":{"line":150,"column":null}},"70":{"start":{"line":144,"column":22},"end":{"line":144,"column":null}},"71":{"start":{"line":145,"column":19},"end":{"line":147,"column":null}},"72":{"start":{"line":146,"column":11},"end":{"line":146,"column":null}},"73":{"start":{"line":148,"column":2},"end":{"line":148,"column":null}},"74":{"start":{"line":149,"column":2},"end":{"line":149,"column":null}},"75":{"start":{"line":152,"column":13},"end":{"line":157,"column":null}},"76":{"start":{"line":153,"column":22},"end":{"line":153,"column":null}},"77":{"start":{"line":154,"column":2},"end":{"line":156,"column":null}},"78":{"start":{"line":155,"column":19},"end":{"line":155,"column":44}},"79":{"start":{"line":156,"column":20},"end":{"line":156,"column":58}},"80":{"start":{"line":159,"column":13},"end":{"line":161,"column":null}},"81":{"start":{"line":160,"column":2},"end":{"line":160,"column":null}},"82":{"start":{"line":163,"column":13},"end":{"line":168,"column":null}},"83":{"start":{"line":164,"column":16},"end":{"line":164,"column":null}},"84":{"start":{"line":165,"column":2},"end":{"line":165,"column":null}},"85":{"start":{"line":165,"column":31},"end":{"line":165,"column":52}},"86":{"start":{"line":165,"column":55},"end":{"line":165,"column":null}},"87":{"start":{"line":166,"column":2},"end":{"line":166,"column":null}},"88":{"start":{"line":167,"column":2},"end":{"line":167,"column":null}},"89":{"start":{"line":170,"column":13},"end":{"line":177,"column":null}},"90":{"start":{"line":171,"column":16},"end":{"line":171,"column":null}},"91":{"start":{"line":172,"column":16},"end":{"line":172,"column":null}},"92":{"start":{"line":173,"column":2},"end":{"line":176,"column":null}},"93":{"start":{"line":175,"column":25},"end":{"line":175,"column":42}},"94":{"start":{"line":179,"column":13},"end":{"line":181,"column":null}},"95":{"start":{"line":180,"column":2},"end":{"line":180,"column":null}},"96":{"start":{"line":183,"column":13},"end":{"line":185,"column":null}},"97":{"start":{"line":184,"column":2},"end":{"line":184,"column":null}},"98":{"start":{"line":184,"column":23},"end":{"line":184,"column":null}},"99":{"start":{"line":187,"column":13},"end":{"line":193,"column":null}},"100":{"start":{"line":188,"column":2},"end":{"line":192,"column":null}},"101":{"start":{"line":195,"column":13},"end":{"line":198,"column":null}},"102":{"start":{"line":196,"column":18},"end":{"line":196,"column":null}},"103":{"start":{"line":197,"column":2},"end":{"line":197,"column":null}},"104":{"start":{"line":200,"column":13},"end":{"line":202,"column":null}},"105":{"start":{"line":201,"column":2},"end":{"line":201,"column":null}},"106":{"start":{"line":204,"column":13},"end":{"line":206,"column":null}},"107":{"start":{"line":205,"column":2},"end":{"line":205,"column":null}},"108":{"start":{"line":208,"column":13},"end":{"line":210,"column":null}},"109":{"start":{"line":209,"column":2},"end":{"line":209,"column":null}},"110":{"start":{"line":209,"column":23},"end":{"line":209,"column":null}},"111":{"start":{"line":212,"column":13},"end":{"line":218,"column":null}},"112":{"start":{"line":213,"column":2},"end":{"line":217,"column":null}}},"fnMap":{"0":{"name":"isLocalStorageAvailable","decl":{"start":{"line":43,"column":9},"end":{"line":43,"column":44}},"loc":{"start":{"line":43,"column":44},"end":{"line":52,"column":null}},"line":43},"1":{"name":"readItem","decl":{"start":{"line":56,"column":9},"end":{"line":56,"column":21}},"loc":{"start":{"line":56,"column":50},"end":{"line":64,"column":null}},"line":56},"2":{"name":"writeItem","decl":{"start":{"line":66,"column":9},"end":{"line":66,"column":22}},"loc":{"start":{"line":66,"column":51},"end":{"line":81,"column":null}},"line":66},"3":{"name":"(anonymous_3)","decl":{"start":{"line":83,"column":13},"end":{"line":83,"column":24}},"loc":{"start":{"line":83,"column":50},"end":{"line":87,"column":null}},"line":83},"4":{"name":"(anonymous_4)","decl":{"start":{"line":89,"column":13},"end":{"line":89,"column":24}},"loc":{"start":{"line":89,"column":58},"end":{"line":92,"column":null}},"line":89},"5":{"name":"(anonymous_5)","decl":{"start":{"line":91,"column":14},"end":{"line":91,"column":22}},"loc":{"start":{"line":91,"column":28},"end":{"line":91,"column":54}},"line":91},"6":{"name":"(anonymous_6)","decl":{"start":{"line":94,"column":13},"end":{"line":94,"column":44}},"loc":{"start":{"line":94,"column":44},"end":{"line":96,"column":null}},"line":94},"7":{"name":"(anonymous_7)","decl":{"start":{"line":98,"column":13},"end":{"line":98,"column":28}},"loc":{"start":{"line":98,"column":55},"end":{"line":107,"column":null}},"line":98},"8":{"name":"(anonymous_8)","decl":{"start":{"line":100,"column":25},"end":{"line":100,"column":36}},"loc":{"start":{"line":100,"column":42},"end":{"line":100,"column":75}},"line":100},"9":{"name":"(anonymous_9)","decl":{"start":{"line":109,"column":13},"end":{"line":109,"column":44}},"loc":{"start":{"line":109,"column":44},"end":{"line":111,"column":null}},"line":109},"10":{"name":"(anonymous_10)","decl":{"start":{"line":113,"column":13},"end":{"line":113,"column":27}},"loc":{"start":{"line":113,"column":65},"end":{"line":116,"column":null}},"line":113},"11":{"name":"(anonymous_11)","decl":{"start":{"line":115,"column":18},"end":{"line":115,"column":24}},"loc":{"start":{"line":115,"column":30},"end":{"line":115,"column":55}},"line":115},"12":{"name":"(anonymous_12)","decl":{"start":{"line":118,"column":13},"end":{"line":118,"column":30}},"loc":{"start":{"line":118,"column":58},"end":{"line":134,"column":null}},"line":118},"13":{"name":"(anonymous_13)","decl":{"start":{"line":122,"column":13},"end":{"line":122,"column":21}},"loc":{"start":{"line":122,"column":27},"end":{"line":122,"column":52}},"line":122},"14":{"name":"(anonymous_14)","decl":{"start":{"line":127,"column":9},"end":{"line":127,"column":17}},"loc":{"start":{"line":127,"column":23},"end":{"line":127,"column":50}},"line":127},"15":{"name":"(anonymous_15)","decl":{"start":{"line":132,"column":16},"end":{"line":132,"column":24}},"loc":{"start":{"line":132,"column":30},"end":{"line":132,"column":55}},"line":132},"16":{"name":"(anonymous_16)","decl":{"start":{"line":136,"column":13},"end":{"line":136,"column":36}},"loc":{"start":{"line":136,"column":36},"end":{"line":141,"column":null}},"line":136},"17":{"name":"(anonymous_17)","decl":{"start":{"line":143,"column":13},"end":{"line":143,"column":36}},"loc":{"start":{"line":143,"column":69},"end":{"line":150,"column":null}},"line":143},"18":{"name":"(anonymous_18)","decl":{"start":{"line":145,"column":31},"end":{"line":145,"column":null}},"loc":{"start":{"line":146,"column":11},"end":{"line":146,"column":null}},"line":146},"19":{"name":"(anonymous_19)","decl":{"start":{"line":152,"column":13},"end":{"line":152,"column":31}},"loc":{"start":{"line":152,"column":72},"end":{"line":157,"column":null}},"line":152},"20":{"name":"(anonymous_20)","decl":{"start":{"line":155,"column":5},"end":{"line":155,"column":13}},"loc":{"start":{"line":155,"column":19},"end":{"line":155,"column":44}},"line":155},"21":{"name":"(anonymous_21)","decl":{"start":{"line":156,"column":5},"end":{"line":156,"column":11}},"loc":{"start":{"line":156,"column":20},"end":{"line":156,"column":58}},"line":156},"22":{"name":"(anonymous_22)","decl":{"start":{"line":159,"column":13},"end":{"line":159,"column":58}},"loc":{"start":{"line":159,"column":58},"end":{"line":161,"column":null}},"line":159},"23":{"name":"(anonymous_23)","decl":{"start":{"line":163,"column":13},"end":{"line":163,"column":33}},"loc":{"start":{"line":163,"column":64},"end":{"line":168,"column":null}},"line":163},"24":{"name":"(anonymous_24)","decl":{"start":{"line":165,"column":12},"end":{"line":165,"column":18}},"loc":{"start":{"line":165,"column":31},"end":{"line":165,"column":52}},"line":165},"25":{"name":"(anonymous_25)","decl":{"start":{"line":170,"column":13},"end":{"line":170,"column":34}},"loc":{"start":{"line":170,"column":58},"end":{"line":177,"column":null}},"line":170},"26":{"name":"(anonymous_26)","decl":{"start":{"line":175,"column":10},"end":{"line":175,"column":18}},"loc":{"start":{"line":175,"column":25},"end":{"line":175,"column":42}},"line":175},"27":{"name":"(anonymous_27)","decl":{"start":{"line":179,"column":13},"end":{"line":179,"column":51}},"loc":{"start":{"line":179,"column":51},"end":{"line":181,"column":null}},"line":179},"28":{"name":"(anonymous_28)","decl":{"start":{"line":183,"column":13},"end":{"line":183,"column":38}},"loc":{"start":{"line":183,"column":38},"end":{"line":185,"column":null}},"line":183},"29":{"name":"(anonymous_29)","decl":{"start":{"line":187,"column":13},"end":{"line":187,"column":44}},"loc":{"start":{"line":187,"column":44},"end":{"line":193,"column":null}},"line":187},"30":{"name":"(anonymous_30)","decl":{"start":{"line":195,"column":13},"end":{"line":195,"column":30}},"loc":{"start":{"line":195,"column":64},"end":{"line":198,"column":null}},"line":195},"31":{"name":"(anonymous_31)","decl":{"start":{"line":200,"column":13},"end":{"line":200,"column":49}},"loc":{"start":{"line":200,"column":49},"end":{"line":202,"column":null}},"line":200},"32":{"name":"(anonymous_32)","decl":{"start":{"line":204,"column":13},"end":{"line":204,"column":47}},"loc":{"start":{"line":204,"column":47},"end":{"line":206,"column":null}},"line":204},"33":{"name":"(anonymous_33)","decl":{"start":{"line":208,"column":13},"end":{"line":208,"column":45}},"loc":{"start":{"line":208,"column":45},"end":{"line":210,"column":null}},"line":208},"34":{"name":"(anonymous_34)","decl":{"start":{"line":212,"column":13},"end":{"line":212,"column":43}},"loc":{"start":{"line":212,"column":43},"end":{"line":218,"column":null}},"line":212}},"branchMap":{"0":{"loc":{"start":{"line":54,"column":24},"end":{"line":54,"column":null}},"type":"binary-expr","locations":[{"start":{"line":54,"column":24},"end":{"line":54,"column":57}},{"start":{"line":54,"column":57},"end":{"line":54,"column":null}}],"line":54},"1":{"loc":{"start":{"line":57,"column":2},"end":{"line":57,"column":null}},"type":"if","locations":[{"start":{"line":57,"column":2},"end":{"line":57,"column":null}},{"start":{},"end":{}}],"line":57},"2":{"loc":{"start":{"line":60,"column":11},"end":{"line":60,"column":null}},"type":"cond-expr","locations":[{"start":{"line":60,"column":18},"end":{"line":60,"column":42}},{"start":{"line":60,"column":42},"end":{"line":60,"column":null}}],"line":60},"3":{"loc":{"start":{"line":67,"column":2},"end":{"line":67,"column":null}},"type":"if","locations":[{"start":{"line":67,"column":2},"end":{"line":67,"column":null}},{"start":{},"end":{}}],"line":67},"4":{"loc":{"start":{"line":73,"column":6},"end":{"line":77,"column":null}},"type":"if","locations":[{"start":{"line":73,"column":6},"end":{"line":77,"column":null}},{"start":{},"end":{}}],"line":73},"5":{"loc":{"start":{"line":101,"column":2},"end":{"line":105,"column":null}},"type":"if","locations":[{"start":{"line":101,"column":2},"end":{"line":105,"column":null}},{"start":{"line":103,"column":9},"end":{"line":105,"column":null}}],"line":101},"6":{"loc":{"start":{"line":115,"column":9},"end":{"line":115,"column":null}},"type":"binary-expr","locations":[{"start":{"line":115,"column":9},"end":{"line":115,"column":60}},{"start":{"line":115,"column":60},"end":{"line":115,"column":null}}],"line":115},"7":{"loc":{"start":{"line":137,"column":2},"end":{"line":137,"column":null}},"type":"if","locations":[{"start":{"line":137,"column":2},"end":{"line":137,"column":null}},{"start":{},"end":{}}],"line":137},"8":{"loc":{"start":{"line":146,"column":13},"end":{"line":146,"column":null}},"type":"binary-expr","locations":[{"start":{"line":146,"column":13},"end":{"line":146,"column":48}},{"start":{"line":146,"column":48},"end":{"line":146,"column":null}}],"line":146},"9":{"loc":{"start":{"line":165,"column":2},"end":{"line":165,"column":null}},"type":"if","locations":[{"start":{"line":165,"column":2},"end":{"line":165,"column":null}},{"start":{},"end":{}}],"line":165},"10":{"loc":{"start":{"line":184,"column":2},"end":{"line":184,"column":null}},"type":"if","locations":[{"start":{"line":184,"column":2},"end":{"line":184,"column":null}},{"start":{},"end":{}}],"line":184},"11":{"loc":{"start":{"line":209,"column":2},"end":{"line":209,"column":null}},"type":"if","locations":[{"start":{"line":209,"column":2},"end":{"line":209,"column":null}},{"start":{},"end":{}}],"line":209}},"s":{"0":3,"1":3,"2":3,"3":3,"4":3,"5":3,"6":3,"7":3,"8":3,"9":3,"10":3,"11":0,"12":3,"13":214,"14":0,"15":214,"16":214,"17":214,"18":0,"19":84,"20":0,"21":84,"22":84,"23":0,"24":0,"25":0,"26":0,"27":0,"28":0,"29":3,"30":25,"31":25,"32":25,"33":3,"34":11,"35":11,"36":20,"37":3,"38":5,"39":3,"40":13,"41":13,"42":2,"43":13,"44":1,"45":12,"46":13,"47":3,"48":4,"49":3,"50":2,"51":2,"52":0,"53":3,"54":1,"55":1,"56":1,"57":1,"58":1,"59":3,"60":1,"61":1,"62":0,"63":3,"64":1,"65":0,"66":1,"67":1,"68":1,"69":3,"70":5,"71":5,"72":1,"73":5,"74":5,"75":3,"76":1,"77":1,"78":2,"79":1,"80":3,"81":0,"82":3,"83":24,"84":24,"85":7,"86":1,"87":23,"88":23,"89":3,"90":6,"91":6,"92":6,"93":9,"94":3,"95":64,"96":3,"97":77,"98":77,"99":3,"100":28,"101":3,"102":5,"103":5,"104":3,"105":8,"106":3,"107":4,"108":3,"109":35,"110":35,"111":3,"112":5},"f":{"0":3,"1":214,"2":84,"3":25,"4":11,"5":20,"6":5,"7":13,"8":2,"9":4,"10":2,"11":0,"12":1,"13":1,"14":3,"15":0,"16":1,"17":5,"18":1,"19":1,"20":2,"21":1,"22":0,"23":24,"24":7,"25":6,"26":9,"27":64,"28":77,"29":28,"30":5,"31":8,"32":4,"33":35,"34":5},"b":{"0":[3,3],"1":[0,214],"2":[93,121],"3":[0,84],"4":[0,0],"5":[1,12],"6":[2,2],"7":[0,1],"8":[1,1],"9":[1,23],"10":[77,0],"11":[35,0]},"meta":{"lastBranch":12,"lastFunction":35,"lastStatement":113,"seen":{"s:3:17:3:Infinity":0,"s:4:21:4:Infinity":1,"s:5:24:5:Infinity":2,"s:6:18:6:Infinity":3,"s:7:22:7:Infinity":4,"s:8:26:8:Infinity":5,"f:43:9:43:44":0,"s:44:2:51:Infinity":6,"s:45:16:45:Infinity":7,"s:46:4:46:Infinity":8,"s:47:4:47:Infinity":9,"s:48:4:48:Infinity":10,"s:50:4:50:Infinity":11,"s:54:24:54:Infinity":12,"b:54:24:54:57:54:57:54:Infinity":0,"f:56:9:56:21":1,"b:57:2:57:Infinity:undefined:undefined:undefined:undefined":1,"s:57:2:57:Infinity":13,"s:57:24:57:Infinity":14,"s:58:2:63:Infinity":15,"s:59:16:59:Infinity":16,"s:60:4:60:Infinity":17,"b:60:18:60:42:60:42:60:Infinity":2,"s:62:4:62:Infinity":18,"f:66:9:66:22":2,"b:67:2:67:Infinity:undefined:undefined:undefined:undefined":3,"s:67:2:67:Infinity":19,"s:67:24:67:Infinity":20,"s:68:2:80:Infinity":21,"s:69:4:69:Infinity":22,"s:71:4:79:Infinity":23,"s:72:18:72:Infinity":24,"b:73:6:77:Infinity:undefined:undefined:undefined:undefined":4,"s:73:6:77:Infinity":25,"s:74:23:74:Infinity":26,"s:75:22:75:Infinity":27,"s:76:8:76:Infinity":28,"s:83:13:87:Infinity":29,"f:83:13:83:24":3,"s:84:15:84:Infinity":30,"s:85:2:85:Infinity":31,"s:86:2:86:Infinity":32,"s:89:13:92:Infinity":33,"f:89:13:89:24":4,"s:90:15:90:Infinity":34,"s:91:2:91:Infinity":35,"f:91:14:91:22":5,"s:91:28:91:54":36,"s:94:13:96:Infinity":37,"f:94:13:94:44":6,"s:95:2:95:Infinity":38,"s:98:13:107:Infinity":39,"f:98:13:98:28":7,"s:99:19:99:Infinity":40,"s:100:16:100:Infinity":41,"f:100:25:100:36":8,"s:100:42:100:75":42,"b:101:2:105:Infinity:103:9:105:Infinity":5,"s:101:2:105:Infinity":43,"s:102:4:102:Infinity":44,"s:104:4:104:Infinity":45,"s:106:2:106:Infinity":46,"s:109:13:111:Infinity":47,"f:109:13:109:44":9,"s:110:2:110:Infinity":48,"s:113:13:116:Infinity":49,"f:113:13:113:27":10,"s:114:19:114:Infinity":50,"s:115:2:115:Infinity":51,"b:115:9:115:60:115:60:115:Infinity":6,"f:115:18:115:24":11,"s:115:30:115:55":52,"s:118:13:134:Infinity":53,"f:118:13:118:30":12,"s:119:19:119:Infinity":54,"s:120:2:123:Infinity":55,"f:122:13:122:21":13,"s:122:27:122:52":56,"s:124:15:124:Infinity":57,"s:125:2:128:Infinity":58,"f:127:9:127:17":14,"s:127:23:127:50":59,"s:129:22:129:Infinity":60,"s:130:2:133:Infinity":61,"f:132:16:132:24":15,"s:132:30:132:55":62,"s:136:13:141:Infinity":63,"f:136:13:136:36":16,"b:137:2:137:Infinity:undefined:undefined:undefined:undefined":7,"s:137:2:137:Infinity":64,"s:137:24:137:Infinity":65,"s:138:2:138:Infinity":66,"s:139:2:139:Infinity":67,"s:140:2:140:Infinity":68,"s:143:13:150:Infinity":69,"f:143:13:143:36":17,"s:144:22:144:Infinity":70,"s:145:19:147:Infinity":71,"f:145:31:145:Infinity":18,"s:146:11:146:Infinity":72,"b:146:13:146:48:146:48:146:Infinity":8,"s:148:2:148:Infinity":73,"s:149:2:149:Infinity":74,"s:152:13:157:Infinity":75,"f:152:13:152:31":19,"s:153:22:153:Infinity":76,"s:154:2:156:Infinity":77,"f:155:5:155:13":20,"s:155:19:155:44":78,"f:156:5:156:11":21,"s:156:20:156:58":79,"s:159:13:161:Infinity":80,"f:159:13:159:58":22,"s:160:2:160:Infinity":81,"s:163:13:168:Infinity":82,"f:163:13:163:33":23,"s:164:16:164:Infinity":83,"b:165:2:165:Infinity:undefined:undefined:undefined:undefined":9,"s:165:2:165:Infinity":84,"f:165:12:165:18":24,"s:165:31:165:52":85,"s:165:55:165:Infinity":86,"s:166:2:166:Infinity":87,"s:167:2:167:Infinity":88,"s:170:13:177:Infinity":89,"f:170:13:170:34":25,"s:171:16:171:Infinity":90,"s:172:16:172:Infinity":91,"s:173:2:176:Infinity":92,"f:175:10:175:18":26,"s:175:25:175:42":93,"s:179:13:181:Infinity":94,"f:179:13:179:51":27,"s:180:2:180:Infinity":95,"s:183:13:185:Infinity":96,"f:183:13:183:38":28,"b:184:2:184:Infinity:undefined:undefined:undefined:undefined":10,"s:184:2:184:Infinity":97,"s:184:23:184:Infinity":98,"s:187:13:193:Infinity":99,"f:187:13:187:44":29,"s:188:2:192:Infinity":100,"s:195:13:198:Infinity":101,"f:195:13:195:30":30,"s:196:18:196:Infinity":102,"s:197:2:197:Infinity":103,"s:200:13:202:Infinity":104,"f:200:13:200:49":31,"s:201:2:201:Infinity":105,"s:204:13:206:Infinity":106,"f:204:13:204:47":32,"s:205:2:205:Infinity":107,"s:208:13:210:Infinity":108,"f:208:13:208:45":33,"b:209:2:209:Infinity:undefined:undefined:undefined:undefined":11,"s:209:2:209:Infinity":109,"s:209:23:209:Infinity":110,"s:212:13:218:Infinity":111,"f:212:13:212:43":34,"s:213:2:217:Infinity":112}}}
,"C:\\Arwin\\Thesis\\SignLangVisual\\src\\features\\logging\\sync.ts": {"path":"C:\\Arwin\\Thesis\\SignLangVisual\\src\\features\\logging\\sync.ts","statementMap":{"0":{"start":{"line":38,"column":32},"end":{"line":38,"column":null}},"1":{"start":{"line":39,"column":32},"end":{"line":46,"column":null}},"2":{"start":{"line":47,"column":55},"end":{"line":47,"column":null}},"3":{"start":{"line":48,"column":15},"end":{"line":48,"column":null}},"4":{"start":{"line":50,"column":6},"end":{"line":52,"column":null}},"5":{"start":{"line":51,"column":2},"end":{"line":51,"column":null}},"6":{"start":{"line":51,"column":29},"end":{"line":51,"column":null}},"7":{"start":{"line":54,"column":6},"end":{"line":57,"column":null}},"8":{"start":{"line":55,"column":2},"end":{"line":55,"column":null}},"9":{"start":{"line":56,"column":2},"end":{"line":56,"column":null}},"10":{"start":{"line":59,"column":6},"end":{"line":59,"column":null}},"11":{"start":{"line":61,"column":13},"end":{"line":61,"column":null}},"12":{"start":{"line":61,"column":48},"end":{"line":61,"column":null}},"13":{"start":{"line":63,"column":13},"end":{"line":69,"column":null}},"14":{"start":{"line":64,"column":2},"end":{"line":64,"column":null}},"15":{"start":{"line":65,"column":2},"end":{"line":65,"column":null}},"16":{"start":{"line":66,"column":2},"end":{"line":68,"column":null}},"17":{"start":{"line":67,"column":4},"end":{"line":67,"column":null}},"18":{"start":{"line":67,"column":40},"end":{"line":67,"column":48}},"19":{"start":{"line":71,"column":6},"end":{"line":77,"column":null}},"20":{"start":{"line":72,"column":8},"end":{"line":72,"column":null}},"21":{"start":{"line":73,"column":2},"end":{"line":76,"column":null}},"22":{"start":{"line":79,"column":13},"end":{"line":100,"column":null}},"23":{"start":{"line":80,"column":2},"end":{"line":80,"column":null}},"24":{"start":{"line":80,"column":37},"end":{"line":80,"column":null}},"25":{"start":{"line":81,"column":2},"end":{"line":84,"column":null}},"26":{"start":{"line":82,"column":4},"end":{"line":82,"column":null}},"27":{"start":{"line":83,"column":4},"end":{"line":83,"column":null}},"28":{"start":{"line":85,"column":2},"end":{"line":85,"column":null}},"29":{"start":{"line":86,"column":2},"end":{"line":90,"column":null}},"30":{"start":{"line":91,"column":2},"end":{"line":91,"column":null}},"31":{"start":{"line":93,"column":2},"end":{"line":96,"column":null}},"32":{"start":{"line":94,"column":4},"end":{"line":94,"column":null}},"33":{"start":{"line":95,"column":4},"end":{"line":95,"column":null}},"34":{"start":{"line":97,"column":2},"end":{"line":99,"column":null}},"35":{"start":{"line":98,"column":4},"end":{"line":98,"column":null}},"36":{"start":{"line":102,"column":13},"end":{"line":105,"column":null}},"37":{"start":{"line":103,"column":2},"end":{"line":103,"column":null}},"38":{"start":{"line":104,"column":2},"end":{"line":104,"column":null}},"39":{"start":{"line":104,"column":21},"end":{"line":104,"column":null}},"40":{"start":{"line":107,"column":6},"end":{"line":109,"column":null}},"41":{"start":{"line":108,"column":2},"end":{"line":108,"column":null}},"42":{"start":{"line":111,"column":6},"end":{"line":112,"column":null}},"43":{"start":{"line":112,"column":2},"end":{"line":112,"column":null}},"44":{"start":{"line":114,"column":13},"end":{"line":137,"column":null}},"45":{"start":{"line":122,"column":31},"end":{"line":132,"column":null}},"46":{"start":{"line":133,"column":2},"end":{"line":133,"column":null}},"47":{"start":{"line":134,"column":2},"end":{"line":134,"column":null}},"48":{"start":{"line":135,"column":2},"end":{"line":135,"column":null}},"49":{"start":{"line":136,"column":2},"end":{"line":136,"column":null}},"50":{"start":{"line":139,"column":13},"end":{"line":156,"column":null}},"51":{"start":{"line":144,"column":31},"end":{"line":151,"column":null}},"52":{"start":{"line":152,"column":2},"end":{"line":152,"column":null}},"53":{"start":{"line":153,"column":2},"end":{"line":153,"column":null}},"54":{"start":{"line":154,"column":2},"end":{"line":154,"column":null}},"55":{"start":{"line":155,"column":2},"end":{"line":155,"column":null}},"56":{"start":{"line":158,"column":13},"end":{"line":169,"column":null}},"57":{"start":{"line":159,"column":31},"end":{"line":164,"column":null}},"58":{"start":{"line":165,"column":2},"end":{"line":165,"column":null}},"59":{"start":{"line":166,"column":2},"end":{"line":166,"column":null}},"60":{"start":{"line":167,"column":2},"end":{"line":167,"column":null}},"61":{"start":{"line":168,"column":2},"end":{"line":168,"column":null}},"62":{"start":{"line":171,"column":6},"end":{"line":178,"column":null}},"63":{"start":{"line":172,"column":2},"end":{"line":172,"column":null}},"64":{"start":{"line":172,"column":37},"end":{"line":172,"column":null}},"65":{"start":{"line":173,"column":2},"end":{"line":173,"column":null}},"66":{"start":{"line":173,"column":27},"end":{"line":173,"column":null}},"67":{"start":{"line":174,"column":2},"end":{"line":177,"column":null}},"68":{"start":{"line":175,"column":4},"end":{"line":175,"column":null}},"69":{"start":{"line":176,"column":4},"end":{"line":176,"column":null}},"70":{"start":{"line":180,"column":20},"end":{"line":189,"column":null}},"71":{"start":{"line":181,"column":8},"end":{"line":181,"column":null}},"72":{"start":{"line":182,"column":2},"end":{"line":188,"column":null}},"73":{"start":{"line":191,"column":27},"end":{"line":198,"column":null}},"74":{"start":{"line":192,"column":8},"end":{"line":192,"column":null}},"75":{"start":{"line":193,"column":2},"end":{"line":197,"column":null}},"76":{"start":{"line":200,"column":27},"end":{"line":203,"column":null}},"77":{"start":{"line":201,"column":8},"end":{"line":201,"column":null}},"78":{"start":{"line":202,"column":2},"end":{"line":202,"column":null}},"79":{"start":{"line":212,"column":26},"end":{"line":273,"column":null}},"80":{"start":{"line":213,"column":2},"end":{"line":215,"column":null}},"81":{"start":{"line":214,"column":4},"end":{"line":214,"column":null}},"82":{"start":{"line":216,"column":2},"end":{"line":218,"column":null}},"83":{"start":{"line":217,"column":4},"end":{"line":217,"column":null}},"84":{"start":{"line":219,"column":2},"end":{"line":221,"column":null}},"85":{"start":{"line":220,"column":4},"end":{"line":220,"column":null}},"86":{"start":{"line":222,"column":2},"end":{"line":224,"column":null}},"87":{"start":{"line":223,"column":4},"end":{"line":223,"column":null}},"88":{"start":{"line":226,"column":8},"end":{"line":226,"column":null}},"89":{"start":{"line":227,"column":2},"end":{"line":230,"column":null}},"90":{"start":{"line":228,"column":4},"end":{"line":228,"column":null}},"91":{"start":{"line":229,"column":4},"end":{"line":229,"column":null}},"92":{"start":{"line":232,"column":2},"end":{"line":232,"column":null}},"93":{"start":{"line":233,"column":18},"end":{"line":233,"column":null}},"94":{"start":{"line":234,"column":15},"end":{"line":234,"column":null}},"95":{"start":{"line":235,"column":34},"end":{"line":235,"column":null}},"96":{"start":{"line":236,"column":33},"end":{"line":236,"column":null}},"97":{"start":{"line":238,"column":2},"end":{"line":260,"column":null}},"98":{"start":{"line":239,"column":4},"end":{"line":259,"column":null}},"99":{"start":{"line":241,"column":8},"end":{"line":245,"column":null}},"100":{"start":{"line":246,"column":6},"end":{"line":250,"column":null}},"101":{"start":{"line":247,"column":8},"end":{"line":247,"column":null}},"102":{"start":{"line":248,"column":8},"end":{"line":248,"column":null}},"103":{"start":{"line":248,"column":33},"end":{"line":248,"column":null}},"104":{"start":{"line":249,"column":8},"end":{"line":249,"column":null}},"105":{"start":{"line":251,"column":6},"end":{"line":251,"column":null}},"106":{"start":{"line":252,"column":6},"end":{"line":252,"column":null}},"107":{"start":{"line":254,"column":6},"end":{"line":254,"column":null}},"108":{"start":{"line":255,"column":6},"end":{"line":257,"column":null}},"109":{"start":{"line":256,"column":8},"end":{"line":256,"column":null}},"110":{"start":{"line":258,"column":6},"end":{"line":258,"column":null}},"111":{"start":{"line":262,"column":2},"end":{"line":262,"column":null}},"112":{"start":{"line":263,"column":14},"end":{"line":263,"column":null}},"113":{"start":{"line":264,"column":2},"end":{"line":264,"column":null}},"114":{"start":{"line":265,"column":2},"end":{"line":270,"column":null}},"115":{"start":{"line":272,"column":2},"end":{"line":272,"column":null}},"116":{"start":{"line":275,"column":6},"end":{"line":301,"column":null}},"117":{"start":{"line":276,"column":24},"end":{"line":276,"column":null}},"118":{"start":{"line":277,"column":2},"end":{"line":282,"column":null}},"119":{"start":{"line":278,"column":22},"end":{"line":278,"column":null}},"120":{"start":{"line":279,"column":17},"end":{"line":279,"column":null}},"121":{"start":{"line":280,"column":4},"end":{"line":280,"column":null}},"122":{"start":{"line":281,"column":4},"end":{"line":281,"column":null}},"123":{"start":{"line":283,"column":2},"end":{"line":300,"column":null}},"124":{"start":{"line":284,"column":24},"end":{"line":284,"column":null}},"125":{"start":{"line":285,"column":24},"end":{"line":285,"column":null}},"126":{"start":{"line":286,"column":22},"end":{"line":286,"column":null}},"127":{"start":{"line":287,"column":4},"end":{"line":299,"column":null}},"128":{"start":{"line":292,"column":36},"end":{"line":298,"column":8}},"129":{"start":{"line":310,"column":42},"end":{"line":338,"column":null}},"130":{"start":{"line":311,"column":2},"end":{"line":313,"column":null}},"131":{"start":{"line":312,"column":4},"end":{"line":312,"column":null}},"132":{"start":{"line":314,"column":2},"end":{"line":316,"column":null}},"133":{"start":{"line":315,"column":4},"end":{"line":315,"column":null}},"134":{"start":{"line":317,"column":2},"end":{"line":319,"column":null}},"135":{"start":{"line":318,"column":4},"end":{"line":318,"column":null}},"136":{"start":{"line":320,"column":8},"end":{"line":320,"column":null}},"137":{"start":{"line":321,"column":2},"end":{"line":324,"column":null}},"138":{"start":{"line":322,"column":4},"end":{"line":322,"column":null}},"139":{"start":{"line":323,"column":4},"end":{"line":323,"column":null}},"140":{"start":{"line":325,"column":18},"end":{"line":325,"column":null}},"141":{"start":{"line":326,"column":8},"end":{"line":326,"column":null}},"142":{"start":{"line":327,"column":17},"end":{"line":327,"column":null}},"143":{"start":{"line":328,"column":2},"end":{"line":330,"column":null}},"144":{"start":{"line":329,"column":4},"end":{"line":329,"column":null}},"145":{"start":{"line":331,"column":2},"end":{"line":331,"column":null}},"146":{"start":{"line":332,"column":2},"end":{"line":337,"column":null}},"147":{"start":{"line":340,"column":13},"end":{"line":350,"column":null}},"148":{"start":{"line":341,"column":15},"end":{"line":341,"column":null}},"149":{"start":{"line":342,"column":26},"end":{"line":342,"column":null}},"150":{"start":{"line":343,"column":2},"end":{"line":348,"column":null}},"151":{"start":{"line":344,"column":16},"end":{"line":344,"column":null}},"152":{"start":{"line":345,"column":4},"end":{"line":345,"column":null}},"153":{"start":{"line":345,"column":23},"end":{"line":345,"column":null}},"154":{"start":{"line":346,"column":4},"end":{"line":346,"column":null}},"155":{"start":{"line":347,"column":4},"end":{"line":347,"column":null}},"156":{"start":{"line":349,"column":2},"end":{"line":349,"column":null}},"157":{"start":{"line":352,"column":13},"end":{"line":355,"column":null}},"158":{"start":{"line":353,"column":2},"end":{"line":353,"column":null}},"159":{"start":{"line":354,"column":2},"end":{"line":354,"column":null}},"160":{"start":{"line":357,"column":13},"end":{"line":357,"column":null}},"161":{"start":{"line":357,"column":46},"end":{"line":357,"column":null}},"162":{"start":{"line":359,"column":13},"end":{"line":374,"column":null}},"163":{"start":{"line":360,"column":2},"end":{"line":360,"column":null}},"164":{"start":{"line":361,"column":2},"end":{"line":364,"column":null}},"165":{"start":{"line":362,"column":4},"end":{"line":362,"column":null}},"166":{"start":{"line":363,"column":4},"end":{"line":363,"column":null}},"167":{"start":{"line":365,"column":2},"end":{"line":372,"column":null}},"168":{"start":{"line":373,"column":2},"end":{"line":373,"column":null}}},"fnMap":{"0":{"name":"(anonymous_0)","decl":{"start":{"line":50,"column":6},"end":{"line":50,"column":21}},"loc":{"start":{"line":50,"column":21},"end":{"line":52,"column":null}},"line":50},"1":{"name":"(anonymous_1)","decl":{"start":{"line":54,"column":6},"end":{"line":54,"column":22}},"loc":{"start":{"line":54,"column":53},"end":{"line":57,"column":null}},"line":54},"2":{"name":"(anonymous_2)","decl":{"start":{"line":59,"column":6},"end":{"line":59,"column":33}},"loc":{"start":{"line":59,"column":6},"end":{"line":59,"column":null}},"line":59},"3":{"name":"(anonymous_3)","decl":{"start":{"line":61,"column":13},"end":{"line":61,"column":48}},"loc":{"start":{"line":61,"column":48},"end":{"line":61,"column":null}},"line":61},"4":{"name":"(anonymous_4)","decl":{"start":{"line":63,"column":13},"end":{"line":63,"column":30}},"loc":{"start":{"line":63,"column":65},"end":{"line":69,"column":null}},"line":63},"5":{"name":"(anonymous_5)","decl":{"start":{"line":66,"column":2},"end":{"line":66,"column":15}},"loc":{"start":{"line":66,"column":15},"end":{"line":68,"column":null}},"line":66},"6":{"name":"(anonymous_6)","decl":{"start":{"line":67,"column":26},"end":{"line":67,"column":34}},"loc":{"start":{"line":67,"column":40},"end":{"line":67,"column":48}},"line":67},"7":{"name":"(anonymous_7)","decl":{"start":{"line":71,"column":6},"end":{"line":71,"column":26}},"loc":{"start":{"line":71,"column":26},"end":{"line":77,"column":null}},"line":71},"8":{"name":"(anonymous_8)","decl":{"start":{"line":79,"column":13},"end":{"line":79,"column":25}},"loc":{"start":{"line":79,"column":62},"end":{"line":100,"column":null}},"line":79},"9":{"name":"(anonymous_9)","decl":{"start":{"line":93,"column":26},"end":{"line":93,"column":42}},"loc":{"start":{"line":93,"column":42},"end":{"line":96,"column":3}},"line":93},"10":{"name":"(anonymous_10)","decl":{"start":{"line":97,"column":26},"end":{"line":97,"column":43}},"loc":{"start":{"line":97,"column":43},"end":{"line":99,"column":3}},"line":97},"11":{"name":"(anonymous_11)","decl":{"start":{"line":102,"column":13},"end":{"line":102,"column":33}},"loc":{"start":{"line":102,"column":60},"end":{"line":105,"column":null}},"line":102},"12":{"name":"(anonymous_12)","decl":{"start":{"line":107,"column":6},"end":{"line":107,"column":33}},"loc":{"start":{"line":107,"column":33},"end":{"line":109,"column":null}},"line":107},"13":{"name":"(anonymous_13)","decl":{"start":{"line":111,"column":6},"end":{"line":111,"column":22}},"loc":{"start":{"line":112,"column":2},"end":{"line":112,"column":null}},"line":112},"14":{"name":"(anonymous_14)","decl":{"start":{"line":114,"column":13},"end":{"line":114,"column":32}},"loc":{"start":{"line":121,"column":14},"end":{"line":137,"column":null}},"line":121},"15":{"name":"(anonymous_15)","decl":{"start":{"line":139,"column":13},"end":{"line":139,"column":32}},"loc":{"start":{"line":143,"column":14},"end":{"line":156,"column":null}},"line":143},"16":{"name":"(anonymous_16)","decl":{"start":{"line":158,"column":13},"end":{"line":158,"column":32}},"loc":{"start":{"line":158,"column":73},"end":{"line":169,"column":null}},"line":158},"17":{"name":"(anonymous_17)","decl":{"start":{"line":171,"column":6},"end":{"line":171,"column":23}},"loc":{"start":{"line":171,"column":41},"end":{"line":178,"column":null}},"line":171},"18":{"name":"(anonymous_18)","decl":{"start":{"line":174,"column":15},"end":{"line":174,"column":32}},"loc":{"start":{"line":174,"column":32},"end":{"line":177,"column":5}},"line":174},"19":{"name":"(anonymous_19)","decl":{"start":{"line":180,"column":20},"end":{"line":180,"column":27}},"loc":{"start":{"line":180,"column":85},"end":{"line":189,"column":null}},"line":180},"20":{"name":"(anonymous_20)","decl":{"start":{"line":191,"column":27},"end":{"line":191,"column":34}},"loc":{"start":{"line":191,"column":92},"end":{"line":198,"column":null}},"line":191},"21":{"name":"(anonymous_21)","decl":{"start":{"line":200,"column":27},"end":{"line":200,"column":34}},"loc":{"start":{"line":200,"column":93},"end":{"line":203,"column":null}},"line":200},"22":{"name":"(anonymous_22)","decl":{"start":{"line":212,"column":26},"end":{"line":212,"column":60}},"loc":{"start":{"line":212,"column":60},"end":{"line":273,"column":null}},"line":212},"23":{"name":"(anonymous_23)","decl":{"start":{"line":275,"column":6},"end":{"line":275,"column":28}},"loc":{"start":{"line":275,"column":70},"end":{"line":301,"column":null}},"line":275},"24":{"name":"(anonymous_24)","decl":{"start":{"line":283,"column":18},"end":{"line":283,"column":43}},"loc":{"start":{"line":283,"column":55},"end":{"line":300,"column":3}},"line":283},"25":{"name":"(anonymous_25)","decl":{"start":{"line":292,"column":24},"end":{"line":292,"column":29}},"loc":{"start":{"line":292,"column":36},"end":{"line":298,"column":8}},"line":292},"26":{"name":"(anonymous_26)","decl":{"start":{"line":310,"column":42},"end":{"line":310,"column":77}},"loc":{"start":{"line":310,"column":77},"end":{"line":338,"column":null}},"line":310},"27":{"name":"(anonymous_27)","decl":{"start":{"line":340,"column":13},"end":{"line":340,"column":37}},"loc":{"start":{"line":340,"column":70},"end":{"line":350,"column":null}},"line":340},"28":{"name":"(anonymous_28)","decl":{"start":{"line":352,"column":13},"end":{"line":352,"column":45}},"loc":{"start":{"line":352,"column":45},"end":{"line":355,"column":null}},"line":352},"29":{"name":"(anonymous_29)","decl":{"start":{"line":357,"column":13},"end":{"line":357,"column":46}},"loc":{"start":{"line":357,"column":46},"end":{"line":357,"column":null}},"line":357},"30":{"name":"(anonymous_30)","decl":{"start":{"line":359,"column":13},"end":{"line":359,"column":47}},"loc":{"start":{"line":359,"column":47},"end":{"line":374,"column":null}},"line":359}},"branchMap":{"0":{"loc":{"start":{"line":40,"column":10},"end":{"line":40,"column":null}},"type":"cond-expr","locations":[{"start":{"line":40,"column":45},"end":{"line":40,"column":64}},{"start":{"line":40,"column":64},"end":{"line":40,"column":null}}],"line":40},"1":{"loc":{"start":{"line":80,"column":2},"end":{"line":80,"column":null}},"type":"if","locations":[{"start":{"line":80,"column":2},"end":{"line":80,"column":null}},{"start":{},"end":{}}],"line":80},"2":{"loc":{"start":{"line":81,"column":2},"end":{"line":84,"column":null}},"type":"if","locations":[{"start":{"line":81,"column":2},"end":{"line":84,"column":null}},{"start":{},"end":{}}],"line":81},"3":{"loc":{"start":{"line":104,"column":2},"end":{"line":104,"column":null}},"type":"if","locations":[{"start":{"line":104,"column":2},"end":{"line":104,"column":null}},{"start":{},"end":{}}],"line":104},"4":{"loc":{"start":{"line":171,"column":23},"end":{"line":171,"column":41}},"type":"default-arg","locations":[{"start":{"line":171,"column":33},"end":{"line":171,"column":41}}],"line":171},"5":{"loc":{"start":{"line":172,"column":2},"end":{"line":172,"column":null}},"type":"if","locations":[{"start":{"line":172,"column":2},"end":{"line":172,"column":null}},{"start":{},"end":{}}],"line":172},"6":{"loc":{"start":{"line":173,"column":2},"end":{"line":173,"column":null}},"type":"if","locations":[{"start":{"line":173,"column":2},"end":{"line":173,"column":null}},{"start":{},"end":{}}],"line":173},"7":{"loc":{"start":{"line":213,"column":2},"end":{"line":215,"column":null}},"type":"if","locations":[{"start":{"line":213,"column":2},"end":{"line":215,"column":null}},{"start":{},"end":{}}],"line":213},"8":{"loc":{"start":{"line":216,"column":2},"end":{"line":218,"column":null}},"type":"if","locations":[{"start":{"line":216,"column":2},"end":{"line":218,"column":null}},{"start":{},"end":{}}],"line":216},"9":{"loc":{"start":{"line":219,"column":2},"end":{"line":221,"column":null}},"type":"if","locations":[{"start":{"line":219,"column":2},"end":{"line":221,"column":null}},{"start":{},"end":{}}],"line":219},"10":{"loc":{"start":{"line":222,"column":2},"end":{"line":224,"column":null}},"type":"if","locations":[{"start":{"line":222,"column":2},"end":{"line":224,"column":null}},{"start":{},"end":{}}],"line":222},"11":{"loc":{"start":{"line":227,"column":2},"end":{"line":230,"column":null}},"type":"if","locations":[{"start":{"line":227,"column":2},"end":{"line":230,"column":null}},{"start":{},"end":{}}],"line":227},"12":{"loc":{"start":{"line":241,"column":8},"end":{"line":245,"column":null}},"type":"cond-expr","locations":[{"start":{"line":242,"column":12},"end":{"line":242,"column":null}},{"start":{"line":243,"column":12},"end":{"line":245,"column":null}}],"line":241},"13":{"loc":{"start":{"line":243,"column":12},"end":{"line":245,"column":null}},"type":"cond-expr","locations":[{"start":{"line":244,"column":12},"end":{"line":244,"column":null}},{"start":{"line":245,"column":12},"end":{"line":245,"column":null}}],"line":243},"14":{"loc":{"start":{"line":246,"column":6},"end":{"line":250,"column":null}},"type":"if","locations":[{"start":{"line":246,"column":6},"end":{"line":250,"column":null}},{"start":{},"end":{}}],"line":246},"15":{"loc":{"start":{"line":246,"column":10},"end":{"line":246,"column":45}},"type":"binary-expr","locations":[{"start":{"line":246,"column":10},"end":{"line":246,"column":31}},{"start":{"line":246,"column":31},"end":{"line":246,"column":45}}],"line":246},"16":{"loc":{"start":{"line":248,"column":8},"end":{"line":248,"column":null}},"type":"if","locations":[{"start":{"line":248,"column":8},"end":{"line":248,"column":null}},{"start":{},"end":{}}],"line":248},"17":{"loc":{"start":{"line":255,"column":6},"end":{"line":257,"column":null}},"type":"if","locations":[{"start":{"line":255,"column":6},"end":{"line":257,"column":null}},{"start":{},"end":{}}],"line":255},"18":{"loc":{"start":{"line":256,"column":21},"end":{"line":256,"column":null}},"type":"cond-expr","locations":[{"start":{"line":256,"column":44},"end":{"line":256,"column":58}},{"start":{"line":256,"column":58},"end":{"line":256,"column":null}}],"line":256},"19":{"loc":{"start":{"line":278,"column":22},"end":{"line":278,"column":null}},"type":"binary-expr","locations":[{"start":{"line":278,"column":22},"end":{"line":278,"column":46}},{"start":{"line":278,"column":46},"end":{"line":278,"column":null}}],"line":278},"20":{"loc":{"start":{"line":279,"column":17},"end":{"line":279,"column":null}},"type":"binary-expr","locations":[{"start":{"line":279,"column":17},"end":{"line":279,"column":49}},{"start":{"line":279,"column":49},"end":{"line":279,"column":null}}],"line":279},"21":{"loc":{"start":{"line":284,"column":24},"end":{"line":284,"column":null}},"type":"binary-expr","locations":[{"start":{"line":284,"column":24},"end":{"line":284,"column":64}},{"start":{"line":284,"column":64},"end":{"line":284,"column":null}}],"line":284},"22":{"loc":{"start":{"line":291,"column":18},"end":{"line":291,"column":null}},"type":"cond-expr","locations":[{"start":{"line":291,"column":61},"end":{"line":291,"column":87}},{"start":{"line":291,"column":87},"end":{"line":291,"column":null}}],"line":291},"23":{"loc":{"start":{"line":291,"column":87},"end":{"line":291,"column":null}},"type":"cond-expr","locations":[{"start":{"line":291,"column":118},"end":{"line":291,"column":144}},{"start":{"line":291,"column":144},"end":{"line":291,"column":null}}],"line":291},"24":{"loc":{"start":{"line":311,"column":2},"end":{"line":313,"column":null}},"type":"if","locations":[{"start":{"line":311,"column":2},"end":{"line":313,"column":null}},{"start":{},"end":{}}],"line":311},"25":{"loc":{"start":{"line":314,"column":2},"end":{"line":316,"column":null}},"type":"if","locations":[{"start":{"line":314,"column":2},"end":{"line":316,"column":null}},{"start":{},"end":{}}],"line":314},"26":{"loc":{"start":{"line":317,"column":2},"end":{"line":319,"column":null}},"type":"if","locations":[{"start":{"line":317,"column":2},"end":{"line":319,"column":null}},{"start":{},"end":{}}],"line":317},"27":{"loc":{"start":{"line":321,"column":2},"end":{"line":324,"column":null}},"type":"if","locations":[{"start":{"line":321,"column":2},"end":{"line":324,"column":null}},{"start":{},"end":{}}],"line":321},"28":{"loc":{"start":{"line":321,"column":6},"end":{"line":321,"column":60}},"type":"binary-expr","locations":[{"start":{"line":321,"column":6},"end":{"line":321,"column":36}},{"start":{"line":321,"column":36},"end":{"line":321,"column":60}}],"line":321},"29":{"loc":{"start":{"line":328,"column":2},"end":{"line":330,"column":null}},"type":"if","locations":[{"start":{"line":328,"column":2},"end":{"line":330,"column":null}},{"start":{},"end":{}}],"line":328},"30":{"loc":{"start":{"line":328,"column":6},"end":{"line":328,"column":41}},"type":"binary-expr","locations":[{"start":{"line":328,"column":6},"end":{"line":328,"column":27}},{"start":{"line":328,"column":27},"end":{"line":328,"column":41}}],"line":328},"31":{"loc":{"start":{"line":333,"column":22},"end":{"line":333,"column":null}},"type":"binary-expr","locations":[{"start":{"line":333,"column":22},"end":{"line":333,"column":41}},{"start":{"line":333,"column":41},"end":{"line":333,"column":null}}],"line":333},"32":{"loc":{"start":{"line":345,"column":4},"end":{"line":345,"column":null}},"type":"if","locations":[{"start":{"line":345,"column":4},"end":{"line":345,"column":null}},{"start":{},"end":{}}],"line":345},"33":{"loc":{"start":{"line":361,"column":2},"end":{"line":364,"column":null}},"type":"if","locations":[{"start":{"line":361,"column":2},"end":{"line":364,"column":null}},{"start":{},"end":{}}],"line":361},"34":{"loc":{"start":{"line":366,"column":12},"end":{"line":366,"column":null}},"type":"cond-expr","locations":[{"start":{"line":366,"column":47},"end":{"line":366,"column":66}},{"start":{"line":366,"column":66},"end":{"line":366,"column":null}}],"line":366}},"s":{"0":2,"1":2,"2":2,"3":2,"4":2,"5":109,"6":1,"7":2,"8":109,"9":109,"10":45,"11":2,"12":3,"13":2,"14":1,"15":1,"16":1,"17":1,"18":1,"19":2,"20":23,"21":23,"22":2,"23":23,"24":0,"25":23,"26":0,"27":0,"28":23,"29":23,"30":23,"31":23,"32":0,"33":0,"34":23,"35":13,"36":2,"37":2,"38":2,"39":1,"40":2,"41":17,"42":2,"43":3,"44":2,"45":11,"46":11,"47":11,"48":11,"49":11,"50":2,"51":3,"52":3,"53":3,"54":3,"55":3,"56":2,"57":3,"58":3,"59":3,"60":3,"61":3,"62":2,"63":18,"64":0,"65":18,"66":4,"67":14,"68":0,"69":0,"70":2,"71":4,"72":4,"73":2,"74":1,"75":1,"76":2,"77":1,"78":1,"79":2,"80":7,"81":0,"82":7,"83":0,"84":7,"85":1,"86":6,"87":1,"88":5,"89":5,"90":0,"91":0,"92":5,"93":5,"94":5,"95":5,"96":5,"97":5,"98":6,"99":6,"100":1,"101":1,"102":1,"103":1,"104":1,"105":3,"106":3,"107":2,"108":2,"109":2,"110":2,"111":5,"112":5,"113":5,"114":5,"115":5,"116":2,"117":2,"118":2,"119":2,"120":2,"121":2,"122":2,"123":2,"124":2,"125":2,"126":2,"127":2,"128":2,"129":2,"130":5,"131":0,"132":5,"133":1,"134":4,"135":1,"136":3,"137":3,"138":1,"139":1,"140":2,"141":2,"142":2,"143":2,"144":1,"145":1,"146":1,"147":2,"148":1,"149":1,"150":1,"151":3,"152":3,"153":1,"154":2,"155":2,"156":1,"157":2,"158":21,"159":21,"160":2,"161":26,"162":2,"163":35,"164":35,"165":14,"166":14,"167":35,"168":35},"f":{"0":109,"1":109,"2":45,"3":3,"4":1,"5":1,"6":1,"7":23,"8":23,"9":0,"10":13,"11":2,"12":17,"13":3,"14":11,"15":3,"16":3,"17":18,"18":0,"19":4,"20":1,"21":1,"22":7,"23":2,"24":2,"25":2,"26":5,"27":1,"28":21,"29":26,"30":35},"b":{"0":[2,0],"1":[0,23],"2":[0,23],"3":[1,1],"4":[18],"5":[0,18],"6":[4,14],"7":[0,7],"8":[0,7],"9":[1,6],"10":[1,5],"11":[0,5],"12":[4,2],"13":[1,1],"14":[1,0],"15":[1,1],"16":[1,0],"17":[2,0],"18":[1,1],"19":[2,0],"20":[2,2],"21":[2,0],"22":[2,0],"23":[0,0],"24":[0,5],"25":[1,4],"26":[1,3],"27":[1,2],"28":[3,1],"29":[1,1],"30":[2,1],"31":[1,0],"32":[1,2],"33":[14,21],"34":[35,0]},"meta":{"lastBranch":35,"lastFunction":31,"lastStatement":169,"seen":{"s:38:32:38:Infinity":0,"s:39:32:46:Infinity":1,"b:40:45:40:64:40:64:40:Infinity":0,"s:47:55:47:Infinity":2,"s:48:15:48:Infinity":3,"s:50:6:52:Infinity":4,"f:50:6:50:21":0,"s:51:2:51:Infinity":5,"s:51:29:51:Infinity":6,"s:54:6:57:Infinity":7,"f:54:6:54:22":1,"s:55:2:55:Infinity":8,"s:56:2:56:Infinity":9,"s:59:6:59:Infinity":10,"f:59:6:59:33":2,"s:61:13:61:Infinity":11,"f:61:13:61:48":3,"s:61:48:61:Infinity":12,"s:63:13:69:Infinity":13,"f:63:13:63:30":4,"s:64:2:64:Infinity":14,"s:65:2:65:Infinity":15,"s:66:2:68:Infinity":16,"f:66:2:66:15":5,"s:67:4:67:Infinity":17,"f:67:26:67:34":6,"s:67:40:67:48":18,"s:71:6:77:Infinity":19,"f:71:6:71:26":7,"s:72:8:72:Infinity":20,"s:73:2:76:Infinity":21,"s:79:13:100:Infinity":22,"f:79:13:79:25":8,"b:80:2:80:Infinity:undefined:undefined:undefined:undefined":1,"s:80:2:80:Infinity":23,"s:80:37:80:Infinity":24,"b:81:2:84:Infinity:undefined:undefined:undefined:undefined":2,"s:81:2:84:Infinity":25,"s:82:4:82:Infinity":26,"s:83:4:83:Infinity":27,"s:85:2:85:Infinity":28,"s:86:2:90:Infinity":29,"s:91:2:91:Infinity":30,"s:93:2:96:Infinity":31,"f:93:26:93:42":9,"s:94:4:94:Infinity":32,"s:95:4:95:Infinity":33,"s:97:2:99:Infinity":34,"f:97:26:97:43":10,"s:98:4:98:Infinity":35,"s:102:13:105:Infinity":36,"f:102:13:102:33":11,"s:103:2:103:Infinity":37,"b:104:2:104:Infinity:undefined:undefined:undefined:undefined":3,"s:104:2:104:Infinity":38,"s:104:21:104:Infinity":39,"s:107:6:109:Infinity":40,"f:107:6:107:33":12,"s:108:2:108:Infinity":41,"s:111:6:112:Infinity":42,"f:111:6:111:22":13,"s:112:2:112:Infinity":43,"s:114:13:137:Infinity":44,"f:114:13:114:32":14,"s:122:31:132:Infinity":45,"s:133:2:133:Infinity":46,"s:134:2:134:Infinity":47,"s:135:2:135:Infinity":48,"s:136:2:136:Infinity":49,"s:139:13:156:Infinity":50,"f:139:13:139:32":15,"s:144:31:151:Infinity":51,"s:152:2:152:Infinity":52,"s:153:2:153:Infinity":53,"s:154:2:154:Infinity":54,"s:155:2:155:Infinity":55,"s:158:13:169:Infinity":56,"f:158:13:158:32":16,"s:159:31:164:Infinity":57,"s:165:2:165:Infinity":58,"s:166:2:166:Infinity":59,"s:167:2:167:Infinity":60,"s:168:2:168:Infinity":61,"s:171:6:178:Infinity":62,"f:171:6:171:23":17,"b:171:33:171:41":4,"b:172:2:172:Infinity:undefined:undefined:undefined:undefined":5,"s:172:2:172:Infinity":63,"s:172:37:172:Infinity":64,"b:173:2:173:Infinity:undefined:undefined:undefined:undefined":6,"s:173:2:173:Infinity":65,"s:173:27:173:Infinity":66,"s:174:2:177:Infinity":67,"f:174:15:174:32":18,"s:175:4:175:Infinity":68,"s:176:4:176:Infinity":69,"s:180:20:189:Infinity":70,"f:180:20:180:27":19,"s:181:8:181:Infinity":71,"s:182:2:188:Infinity":72,"s:191:27:198:Infinity":73,"f:191:27:191:34":20,"s:192:8:192:Infinity":74,"s:193:2:197:Infinity":75,"s:200:27:203:Infinity":76,"f:200:27:200:34":21,"s:201:8:201:Infinity":77,"s:202:2:202:Infinity":78,"s:212:26:273:Infinity":79,"f:212:26:212:60":22,"b:213:2:215:Infinity:undefined:undefined:undefined:undefined":7,"s:213:2:215:Infinity":80,"s:214:4:214:Infinity":81,"b:216:2:218:Infinity:undefined:undefined:undefined:undefined":8,"s:216:2:218:Infinity":82,"s:217:4:217:Infinity":83,"b:219:2:221:Infinity:undefined:undefined:undefined:undefined":9,"s:219:2:221:Infinity":84,"s:220:4:220:Infinity":85,"b:222:2:224:Infinity:undefined:undefined:undefined:undefined":10,"s:222:2:224:Infinity":86,"s:223:4:223:Infinity":87,"s:226:8:226:Infinity":88,"b:227:2:230:Infinity:undefined:undefined:undefined:undefined":11,"s:227:2:230:Infinity":89,"s:228:4:228:Infinity":90,"s:229:4:229:Infinity":91,"s:232:2:232:Infinity":92,"s:233:18:233:Infinity":93,"s:234:15:234:Infinity":94,"s:235:34:235:Infinity":95,"s:236:33:236:Infinity":96,"s:238:2:260:Infinity":97,"s:239:4:259:Infinity":98,"s:241:8:245:Infinity":99,"b:242:12:242:Infinity:243:12:245:Infinity":12,"b:244:12:244:Infinity:245:12:245:Infinity":13,"b:246:6:250:Infinity:undefined:undefined:undefined:undefined":14,"s:246:6:250:Infinity":100,"b:246:10:246:31:246:31:246:45":15,"s:247:8:247:Infinity":101,"b:248:8:248:Infinity:undefined:undefined:undefined:undefined":16,"s:248:8:248:Infinity":102,"s:248:33:248:Infinity":103,"s:249:8:249:Infinity":104,"s:251:6:251:Infinity":105,"s:252:6:252:Infinity":106,"s:254:6:254:Infinity":107,"b:255:6:257:Infinity:undefined:undefined:undefined:undefined":17,"s:255:6:257:Infinity":108,"s:256:8:256:Infinity":109,"b:256:44:256:58:256:58:256:Infinity":18,"s:258:6:258:Infinity":110,"s:262:2:262:Infinity":111,"s:263:14:263:Infinity":112,"s:264:2:264:Infinity":113,"s:265:2:270:Infinity":114,"s:272:2:272:Infinity":115,"s:275:6:301:Infinity":116,"f:275:6:275:28":23,"s:276:24:276:Infinity":117,"s:277:2:282:Infinity":118,"s:278:22:278:Infinity":119,"b:278:22:278:46:278:46:278:Infinity":19,"s:279:17:279:Infinity":120,"b:279:17:279:49:279:49:279:Infinity":20,"s:280:4:280:Infinity":121,"s:281:4:281:Infinity":122,"s:283:2:300:Infinity":123,"f:283:18:283:43":24,"s:284:24:284:Infinity":124,"b:284:24:284:64:284:64:284:Infinity":21,"s:285:24:285:Infinity":125,"s:286:22:286:Infinity":126,"s:287:4:299:Infinity":127,"b:291:61:291:87:291:87:291:Infinity":22,"b:291:118:291:144:291:144:291:Infinity":23,"f:292:24:292:29":25,"s:292:36:298:8":128,"s:310:42:338:Infinity":129,"f:310:42:310:77":26,"b:311:2:313:Infinity:undefined:undefined:undefined:undefined":24,"s:311:2:313:Infinity":130,"s:312:4:312:Infinity":131,"b:314:2:316:Infinity:undefined:undefined:undefined:undefined":25,"s:314:2:316:Infinity":132,"s:315:4:315:Infinity":133,"b:317:2:319:Infinity:undefined:undefined:undefined:undefined":26,"s:317:2:319:Infinity":134,"s:318:4:318:Infinity":135,"s:320:8:320:Infinity":136,"b:321:2:324:Infinity:undefined:undefined:undefined:undefined":27,"s:321:2:324:Infinity":137,"b:321:6:321:36:321:36:321:60":28,"s:322:4:322:Infinity":138,"s:323:4:323:Infinity":139,"s:325:18:325:Infinity":140,"s:326:8:326:Infinity":141,"s:327:17:327:Infinity":142,"b:328:2:330:Infinity:undefined:undefined:undefined:undefined":29,"s:328:2:330:Infinity":143,"b:328:6:328:27:328:27:328:41":30,"s:329:4:329:Infinity":144,"s:331:2:331:Infinity":145,"s:332:2:337:Infinity":146,"b:333:22:333:41:333:41:333:Infinity":31,"s:340:13:350:Infinity":147,"f:340:13:340:37":27,"s:341:15:341:Infinity":148,"s:342:26:342:Infinity":149,"s:343:2:348:Infinity":150,"s:344:16:344:Infinity":151,"b:345:4:345:Infinity:undefined:undefined:undefined:undefined":32,"s:345:4:345:Infinity":152,"s:345:23:345:Infinity":153,"s:346:4:346:Infinity":154,"s:347:4:347:Infinity":155,"s:349:2:349:Infinity":156,"s:352:13:355:Infinity":157,"f:352:13:352:45":28,"s:353:2:353:Infinity":158,"s:354:2:354:Infinity":159,"s:357:13:357:Infinity":160,"f:357:13:357:46":29,"s:357:46:357:Infinity":161,"s:359:13:374:Infinity":162,"f:359:13:359:47":30,"s:360:2:360:Infinity":163,"b:361:2:364:Infinity:undefined:undefined:undefined:undefined":33,"s:361:2:364:Infinity":164,"s:362:4:362:Infinity":165,"s:363:4:363:Infinity":166,"s:365:2:372:Infinity":167,"b:366:47:366:66:366:66:366:Infinity":34,"s:373:2:373:Infinity":168}}}
,"C:\\Arwin\\Thesis\\SignLangVisual\\src\\features\\recognition\\buffer.ts": {"path":"C:\\Arwin\\Thesis\\SignLangVisual\\src\\features\\recognition\\buffer.ts","statementMap":{"0":{"start":{"line":3,"column":24},"end":{"line":3,"column":null}},"1":{"start":{"line":4,"column":26},"end":{"line":4,"column":null}},"2":{"start":{"line":5,"column":23},"end":{"line":5,"column":null}},"3":{"start":{"line":13,"column":35},"end":{"line":13,"column":null}},"4":{"start":{"line":16,"column":4},"end":{"line":16,"column":null}},"5":{"start":{"line":20,"column":10},"end":{"line":23,"column":null}},"6":{"start":{"line":25,"column":4},"end":{"line":25,"column":null}},"7":{"start":{"line":27,"column":4},"end":{"line":29,"column":null}},"8":{"start":{"line":28,"column":6},"end":{"line":28,"column":null}},"9":{"start":{"line":33,"column":4},"end":{"line":33,"column":null}},"10":{"start":{"line":37,"column":4},"end":{"line":39,"column":null}},"11":{"start":{"line":38,"column":6},"end":{"line":38,"column":null}},"12":{"start":{"line":41,"column":22},"end":{"line":41,"column":null}},"13":{"start":{"line":42,"column":19},"end":{"line":42,"column":null}},"14":{"start":{"line":43,"column":20},"end":{"line":43,"column":null}},"15":{"start":{"line":45,"column":4},"end":{"line":54,"column":null}},"16":{"start":{"line":45,"column":20},"end":{"line":45,"column":23}},"17":{"start":{"line":46,"column":25},"end":{"line":48,"column":null}},"18":{"start":{"line":49,"column":20},"end":{"line":49,"column":null}},"19":{"start":{"line":50,"column":25},"end":{"line":50,"column":null}},"20":{"start":{"line":51,"column":6},"end":{"line":53,"column":null}},"21":{"start":{"line":51,"column":19},"end":{"line":51,"column":22}},"22":{"start":{"line":52,"column":8},"end":{"line":52,"column":null}},"23":{"start":{"line":56,"column":4},"end":{"line":56,"column":null}}},"fnMap":{"0":{"name":"reset","decl":{"start":{"line":15,"column":2},"end":{"line":15,"column":16}},"loc":{"start":{"line":15,"column":16},"end":{"line":17,"column":null}},"line":15},"1":{"name":"append","decl":{"start":{"line":19,"column":2},"end":{"line":19,"column":9}},"loc":{"start":{"line":19,"column":70},"end":{"line":30,"column":null}},"line":19},"2":{"name":"length","decl":{"start":{"line":32,"column":6},"end":{"line":32,"column":23}},"loc":{"start":{"line":32,"column":23},"end":{"line":34,"column":null}},"line":32},"3":{"name":"sampleTemporal","decl":{"start":{"line":36,"column":2},"end":{"line":36,"column":40}},"loc":{"start":{"line":36,"column":40},"end":{"line":57,"column":null}},"line":36}},"branchMap":{"0":{"loc":{"start":{"line":21,"column":6},"end":{"line":21,"column":null}},"type":"binary-expr","locations":[{"start":{"line":21,"column":6},"end":{"line":21,"column":29}},{"start":{"line":21,"column":29},"end":{"line":21,"column":null}}],"line":21},"1":{"loc":{"start":{"line":22,"column":6},"end":{"line":22,"column":null}},"type":"binary-expr","locations":[{"start":{"line":22,"column":6},"end":{"line":22,"column":30}},{"start":{"line":22,"column":30},"end":{"line":22,"column":null}}],"line":22},"2":{"loc":{"start":{"line":27,"column":4},"end":{"line":29,"column":null}},"type":"if","locations":[{"start":{"line":27,"column":4},"end":{"line":29,"column":null}},{"start":{},"end":{}}],"line":27},"3":{"loc":{"start":{"line":37,"column":4},"end":{"line":39,"column":null}},"type":"if","locations":[{"start":{"line":37,"column":4},"end":{"line":39,"column":null}},{"start":{},"end":{}}],"line":37}},"s":{"0":1,"1":1,"2":1,"3":6,"4":1,"5":290,"6":290,"7":290,"8":80,"9":5,"10":4,"11":2,"12":2,"13":2,"14":2,"15":2,"16":2,"17":60,"18":60,"19":60,"20":60,"21":60,"22":7560,"23":2},"f":{"0":1,"1":290,"2":5,"3":4},"b":{"0":[290,30],"1":[290,290],"2":[80,210],"3":[2,2]},"meta":{"lastBranch":4,"lastFunction":4,"lastStatement":24,"seen":{"s:3:24:3:Infinity":0,"s:4:26:4:Infinity":1,"s:5:23:5:Infinity":2,"s:13:35:13:Infinity":3,"f:15:2:15:16":0,"s:16:4:16:Infinity":4,"f:19:2:19:9":1,"s:20:10:23:Infinity":5,"b:21:6:21:29:21:29:21:Infinity":0,"b:22:6:22:30:22:30:22:Infinity":1,"s:25:4:25:Infinity":6,"b:27:4:29:Infinity:undefined:undefined:undefined:undefined":2,"s:27:4:29:Infinity":7,"s:28:6:28:Infinity":8,"f:32:6:32:23":2,"s:33:4:33:Infinity":9,"f:36:2:36:40":3,"b:37:4:39:Infinity:undefined:undefined:undefined:undefined":3,"s:37:4:39:Infinity":10,"s:38:6:38:Infinity":11,"s:41:22:41:Infinity":12,"s:42:19:42:Infinity":13,"s:43:20:43:Infinity":14,"s:45:4:54:Infinity":15,"s:45:20:45:23":16,"s:46:25:48:Infinity":17,"s:49:20:49:Infinity":18,"s:50:25:50:Infinity":19,"s:51:6:53:Infinity":20,"s:51:19:51:22":21,"s:52:8:52:Infinity":22,"s:56:4:56:Infinity":23}}}
[...]
l}},"84":{"start":{"line":193,"column":18},"end":{"line":193,"column":null}},"85":{"start":{"line":194,"column":4},"end":{"line":194,"column":null}},"86":{"start":{"line":194,"column":16},"end":{"line":194,"column":null}},"87":{"start":{"line":196,"column":22},"end":{"line":196,"column":null}},"88":{"start":{"line":197,"column":4},"end":{"line":197,"column":null}},"89":{"start":{"line":197,"column":20},"end":{"line":197,"column":null}},"90":{"start":{"line":198,"column":4},"end":{"line":198,"column":null}},"91":{"start":{"line":199,"column":4},"end":{"line":199,"column":null}},"92":{"start":{"line":200,"column":4},"end":{"line":200,"column":null}},"93":{"start":{"line":201,"column":4},"end":{"line":201,"column":null}},"94":{"start":{"line":202,"column":4},"end":{"line":202,"column":null}},"95":{"start":{"line":203,"column":4},"end":{"line":203,"column":null}},"96":{"start":{"line":205,"column":4},"end":{"line":205,"column":null}},"97":{"start":{"line":206,"column":4},"end":{"line":206,"column":null}},"98":{"start":{"line":207,"column":4},"end":{"line":207,"column":null}},"99":{"start":{"line":211,"column":28},"end":{"line":211,"column":null}},"100":{"start":{"line":213,"column":13},"end":{"line":216,"column":null}},"101":{"start":{"line":214,"column":2},"end":{"line":214,"column":null}},"102":{"start":{"line":214,"column":18},"end":{"line":214,"column":null}},"103":{"start":{"line":215,"column":2},"end":{"line":215,"column":null}},"104":{"start":{"line":218,"column":13},"end":{"line":220,"column":null}},"105":{"start":{"line":219,"column":2},"end":{"line":219,"column":null}}},"fnMap":{"0":{"name":"(anonymous_0)","decl":{"start":{"line":52,"column":6},"end":{"line":52,"column":null}},"loc":{"start":{"line":53,"column":2},"end":{"line":53,"column":null}},"line":53},"1":{"name":"(anonymous_1)","decl":{"start":{"line":55,"column":6},"end":{"line":55,"column":55}},"loc":{"start":{"line":55,"column":55},"end":{"line":61,"column":null}},"line":55},"2":{"name":"(anonymous_2)","decl":{"start":{"line":63,"column":6},"end":{"line":63,"column":59}},"loc":{"start":{"line":63,"column":59},"end":{"line":69,"column":null}},"line":63},"3":{"name":"(anonymous_3)","decl":{"start":{"line":71,"column":13},"end":{"line":71,"column":null}},"loc":{"start":{"line":72,"column":2},"end":{"line":72,"column":null}},"line":72},"4":{"name":"(anonymous_4)","decl":{"start":{"line":74,"column":6},"end":{"line":74,"column":51}},"loc":{"start":{"line":74,"column":51},"end":{"line":81,"column":null}},"line":74},"5":{"name":"(anonymous_5)","decl":{"start":{"line":83,"column":6},"end":{"line":83,"column":31}},"loc":{"start":{"line":83,"column":60},"end":{"line":94,"column":null}},"line":83},"6":{"name":"(anonymous_6)","decl":{"start":{"line":96,"column":6},"end":{"line":96,"column":23}},"loc":{"start":{"line":97,"column":2},"end":{"line":116,"column":null}},"line":97},"7":{"name":"(anonymous_7)","decl":{"start":{"line":97,"column":6},"end":{"line":97,"column":15}},"loc":{"start":{"line":97,"column":27},"end":{"line":116,"column":3}},"line":97},"8":{"name":"(anonymous_8)","decl":{"start":{"line":104,"column":29},"end":{"line":104,"column":52}},"loc":{"start":{"line":104,"column":52},"end":{"line":106,"column":7}},"line":104},"9":{"name":"(anonymous_9)","decl":{"start":{"line":111,"column":67},"end":{"line":111,"column":null}},"loc":{"start":{"line":112,"column":12},"end":{"line":115,"column":null}},"line":112},"10":{"name":"constructor","decl":{"start":{"line":124,"column":2},"end":{"line":124,"column":16}},"loc":{"start":{"line":124,"column":16},"end":{"line":128,"column":null}},"line":124},"11":{"name":"createUtterance","decl":{"start":{"line":130,"column":2},"end":{"line":130,"column":10}},"loc":{"start":{"line":130,"column":65},"end":{"line":133,"column":null}},"line":130},"12":{"name":"resolveVoice","decl":{"start":{"line":135,"column":2},"end":{"line":135,"column":10}},"loc":{"start":{"line":135,"column":54},"end":{"line":148,"column":null}},"line":135},"13":{"name":"(anonymous_13)","decl":{"start":{"line":141,"column":36},"end":{"line":141,"column":42}},"loc":{"start":{"line":141,"column":48},"end":{"line":141,"column":76}},"line":141},"14":{"name":"isSupported","decl":{"start":{"line":150,"column":2},"end":{"line":150,"column":25}},"loc":{"start":{"line":150,"column":25},"end":{"line":152,"column":null}},"line":150},"15":{"name":"getVoices","decl":{"start":{"line":154,"column":2},"end":{"line":154,"column":26}},"loc":{"start":{"line":154,"column":26},"end":{"line":162,"column":null}},"line":154},"16":{"name":"(anonymous_16)","decl":{"start":{"line":156,"column":34},"end":{"line":156,"column":39}},"loc":{"start":{"line":156,"column":46},"end":{"line":161,"column":6}},"line":156},"17":{"name":"setVoice","decl":{"start":{"line":164,"column":2},"end":{"line":164,"column":11}},"loc":{"start":{"line":164,"column":37},"end":{"line":168,"column":null}},"line":164},"18":{"name":"cancel","decl":{"start":{"line":170,"column":2},"end":{"line":170,"column":17}},"loc":{"start":{"line":170,"column":17},"end":{"line":172,"column":null}},"line":170},"19":{"name":"listVoicesAsync","decl":{"start":{"line":174,"column":8},"end":{"line":174,"column":47}},"loc":{"start":{"line":174,"column":47},"end":{"line":184,"column":null}},"line":174},"20":{"name":"(anonymous_20)","decl":{"start":{"line":178,"column":18},"end":{"line":178,"column":23}},"loc":{"start":{"line":178,"column":30},"end":{"line":183,"column":6}},"line":178},"21":{"name":"speak","decl":{"start":{"line":186,"column":2},"end":{"line":186,"column":8}},"loc":{"start":{"line":186,"column":54},"end":{"line":208,"column":null}},"line":186},"22":{"name":"(anonymous_22)","decl":{"start":{"line":213,"column":13},"end":{"line":213,"column":33}},"loc":{"start":{"line":213,"column":33},"end":{"line":216,"column":null}},"line":213},"23":{"name":"(anonymous_23)","decl":{"start":{"line":218,"column":13},"end":{"line":218,"column":46}},"loc":{"start":{"line":218,"column":46},"end":{"line":220,"column":null}},"line":218}},"branchMap":{"0":{"loc":{"start":{"line":53,"column":2},"end":{"line":53,"column":null}},"type":"binary-expr","locations":[{"start":{"line":53,"column":2},"end":{"line":53,"column":35}},{"start":{"line":53,"column":35},"end":{"line":53,"column":null}}],"line":53},"1":{"loc":{"start":{"line":56,"column":2},"end":{"line":56,"column":null}},"type":"if","locations":[{"start":{"line":56,"column":2},"end":{"line":56,"column":null}},{"start":{},"end":{}}],"line":56},"2":{"loc":{"start":{"line":60,"column":9},"end":{"line":60,"column":null}},"type":"binary-expr","locations":[{"start":{"line":60,"column":9},"end":{"line":60,"column":30}},{"start":{"line":60,"column":30},"end":{"line":60,"column":null}}],"line":60},"3":{"loc":{"start":{"line":64,"column":2},"end":{"line":64,"column":null}},"type":"if","locations":[{"start":{"line":64,"column":2},"end":{"line":64,"column":null}},{"start":{},"end":{}}],"line":64},"4":{"loc":{"start":{"line":68,"column":9},"end":{"line":68,"column":null}},"type":"binary-expr","locations":[{"start":{"line":68,"column":9},"end":{"line":68,"column":39}},{"start":{"line":68,"column":39},"end":{"line":68,"column":null}}],"line":68},"5":{"loc":{"start":{"line":72,"column":10},"end":{"line":72,"column":46}},"type":"binary-expr","locations":[{"start":{"line":72,"column":10},"end":{"line":72,"column":28}},{"start":{"line":72,"column":28},"end":{"line":72,"column":46}}],"line":72},"6":{"loc":{"start":{"line":75,"column":2},"end":{"line":75,"column":null}},"type":"if","locations":[{"start":{"line":75,"column":2},"end":{"line":75,"column":null}},{"start":{},"end":{}}],"line":75},"7":{"loc":{"start":{"line":84,"column":2},"end":{"line":84,"column":null}},"type":"if","locations":[{"start":{"line":84,"column":2},"end":{"line":84,"column":null}},{"start":{},"end":{}}],"line":84},"8":{"loc":{"start":{"line":86,"column":4},"end":{"line":90,"column":null}},"type":"if","locations":[{"start":{"line":86,"column":4},"end":{"line":90,"column":null}},{"start":{"line":88,"column":11},"end":{"line":90,"column":null}}],"line":86},"9":{"loc":{"start":{"line":99,"column":4},"end":{"line":102,"column":null}},"type":"if","locations":[{"start":{"line":99,"column":4},"end":{"line":102,"column":null}},{"start":{},"end":{}}],"line":99},"10":{"loc":{"start":{"line":103,"column":4},"end":{"line":108,"column":null}},"type":"if","locations":[{"start":{"line":103,"column":4},"end":{"line":108,"column":null}},{"start":{},"end":{}}],"line":103},"11":{"loc":{"start":{"line":113,"column":8},"end":{"line":113,"column":null}},"type":"if","locations":[{"start":{"line":113,"column":8},"end":{"line":113,"column":null}},{"start":{},"end":{}}],"line":113},"12":{"loc":{"start":{"line":131,"column":4},"end":{"line":131,"column":null}},"type":"if","locations":[{"start":{"line":131,"column":4},"end":{"line":131,"column":null}},{"start":{},"end":{}}],"line":131},"13":{"loc":{"start":{"line":136,"column":4},"end":{"line":136,"column":null}},"type":"if","locations":[{"start":{"line":136,"column":4},"end":{"line":136,"column":null}},{"start":{},"end":{}}],"line":136},"14":{"loc":{"start":{"line":137,"column":4},"end":{"line":139,"column":null}},"type":"if","locations":[{"start":{"line":137,"column":4},"end":{"line":139,"column":null}},{"start":{},"end":{}}],"line":137},"15":{"loc":{"start":{"line":140,"column":4},"end":{"line":143,"column":null}},"type":"if","locations":[{"start":{"line":140,"column":4},"end":{"line":143,"column":null}},{"start":{},"end":{}}],"line":140},"16":{"loc":{"start":{"line":142,"column":6},"end":{"line":142,"column":null}},"type":"if","locations":[{"start":{"line":142,"column":6},"end":{"line":142,"column":null}},{"start":{},"end":{}}],"line":142},"17":{"loc":{"start":{"line":144,"column":4},"end":{"line":146,"column":null}},"type":"if","locations":[{"start":{"line":144,"column":4},"end":{"line":146,"column":null}},{"start":{},"end":{}}],"line":144},"18":{"loc":{"start":{"line":145,"column":13},"end":{"line":145,"column":null}},"type":"binary-expr","locations":[{"start":{"line":145,"column":13},"end":{"line":145,"column":35}},{"start":{"line":145,"column":35},"end":{"line":145,"column":null}}],"line":145},"19":{"loc":{"start":{"line":151,"column":19},"end":{"line":151,"column":47}},"type":"binary-expr","locations":[{"start":{"line":151,"column":19},"end":{"line":151,"column":33}},{"start":{"line":151,"column":33},"end":{"line":151,"column":47}}],"line":151},"20":{"loc":{"start":{"line":155,"column":4},"end":{"line":155,"column":null}},"type":"if","locations":[{"start":{"line":155,"column":4},"end":{"line":155,"column":null}},{"start":{},"end":{}}],"line":155},"21":{"loc":{"start":{"line":175,"column":4},"end":{"line":175,"column":null}},"type":"if","locations":[{"start":{"line":175,"column":4},"end":{"line":175,"column":null}},{"start":{},"end":{}}],"line":175},"22":{"loc":{"start":{"line":186,"column":22},"end":{"line":186,"column":54}},"type":"default-arg","locations":[{"start":{"line":186,"column":41},"end":{"line":186,"column":54}}],"line":186},"23":{"loc":{"start":{"line":187,"column":4},"end":{"line":187,"column":null}},"type":"if","locations":[{"start":{"line":187,"column":4},"end":{"line":187,"column":null}},{"start":{},"end":{}}],"line":187},"24":{"loc":{"start":{"line":188,"column":4},"end":{"line":188,"column":null}},"type":"if","locations":[{"start":{"line":188,"column":4},"end":{"line":188,"column":null}},{"start":{},"end":{}}],"line":188},"25":{"loc":{"start":{"line":188,"column":8},"end":{"line":188,"column":31}},"type":"binary-expr","locations":[{"start":{"line":188,"column":8},"end":{"line":188,"column":17}},{"start":{"line":188,"column":17},"end":{"line":188,"column":31}}],"line":188},"26":{"loc":{"start":{"line":191,"column":4},"end":{"line":191,"column":null}},"type":"if","locations":[{"start":{"line":191,"column":4},"end":{"line":191,"column":null}},{"start":{},"end":{}}],"line":191},"27":{"loc":{"start":{"line":194,"column":4},"end":{"line":194,"column":null}},"type":"if","locations":[{"start":{"line":194,"column":4},"end":{"line":194,"column":null}},{"start":{},"end":{}}],"line":194},"28":{"loc":{"start":{"line":197,"column":4},"end":{"line":197,"column":null}},"type":"if","locations":[{"start":{"line":197,"column":4},"end":{"line":197,"column":null}},{"start":{},"end":{}}],"line":197},"29":{"loc":{"start":{"line":199,"column":21},"end":{"line":199,"column":null}},"type":"binary-expr","locations":[{"start":{"line":199,"column":21},"end":{"line":199,"column":34}},{"start":{"line":199,"column":34},"end":{"line":199,"column":null}}],"line":199},"30":{"loc":{"start":{"line":200,"column":22},"end":{"line":200,"column":null}},"type":"binary-expr","locations":[{"start":{"line":200,"column":22},"end":{"line":200,"column":36}},{"start":{"line":200,"column":36},"end":{"line":200,"column":null}}],"line":200},"31":{"loc":{"start":{"line":201,"column":21},"end":{"line":201,"column":null}},"type":"binary-expr","locations":[{"start":{"line":201,"column":21},"end":{"line":201,"column":34}},{"start":{"line":201,"column":34},"end":{"line":201,"column":null}}],"line":201},"32":{"loc":{"start":{"line":202,"column":23},"end":{"line":202,"column":null}},"type":"binary-expr","locations":[{"start":{"line":202,"column":23},"end":{"line":202,"column":38}},{"start":{"line":202,"column":38},"end":{"line":202,"column":null}}],"line":202},"33":{"loc":{"start":{"line":214,"column":2},"end":{"line":214,"column":null}},"type":"if","locations":[{"start":{"line":214,"column":2},"end":{"line":214,"column":null}},{"start":{},"end":{}}],"line":214}},"s":{"0":1,"1":1,"2":57,"3":1,"4":18,"5":0,"6":18,"7":18,"8":1,"9":20,"10":0,"11":20,"12":20,"13":1,"14":2,"15":1,"16":16,"17":0,"18":16,"19":16,"20":0,"21":1,"22":3,"23":0,"24":3,"25":3,"26":2,"27":1,"28":1,"29":2,"30":2,"31":2,"32":0,"33":0,"34":2,"35":1,"36":1,"37":1,"38":1,"39":1,"40":1,"41":0,"42":1,"43":16,"44":16,"45":16,"46":16,"47":3,"48":0,"49":3,"50":3,"51":0,"52":3,"53":3,"54":3,"55":1,"56":1,"57":1,"58":1,"59":2,"60":2,"61":0,"62":7,"63":2,"64":0,"65":2,"66":2,"67":3,"68":3,"69":3,"70":1,"71":2,"72":0,"73":2,"74":2,"75":2,"76":2,"77":7,"78":2,"79":5,"80":2,"81":3,"82":3,"83":0,"84":3,"85":3,"86":0,"87":3,"88":3,"89":0,"90":3,"91":3,"92":7,"93":7,"94":7,"95":7,"96":7,"97":7,"98":7,"99":1,"100":1,"101":4,"102":3,"103":4,"104":1,"105":18},"f":{"0":57,"1":18,"2":20,"3":2,"4":16,"5":3,"6":2,"7":2,"8":1,"9":1,"10":16,"11":3,"12":3,"13":1,"14":7,"15":2,"16":2,"17":3,"18":1,"19":2,"20":2,"21":7,"22":4,"23":18},"b":{"0":[57,57],"1":[0,18],"2":[18,2],"3":[0,20],"4":[20,2],"5":[2,1],"6":[0,16],"7":[0,3],"8":[2,1],"9":[0,2],"10":[1,1],"11":[0,1],"12":[0,3],"13":[0,3],"14":[3,0],"15":[1,2],"16":[1,0],"17":[2,0],"18":[2,0],"19":[7,6],"20":[0,2],"21":[0,2],"22":[7],"23":[2,5],"24":[2,3],"25":[5,4],"26":[0,3],"27":[0,3],"28":[0,3],"29":[3,2],"30":[7,2],"31":[7,2],"32":[7,2],"33":[3,1]},"meta":{"lastBranch":34,"lastFunction":24,"lastStatement":106,"seen":{"s:50:32:50:Infinity":0,"s:52:6:53:Infinity":1,"f:52:6:52:Infinity":0,"s:53:2:53:Infinity":2,"b:53:2:53:35:53:35:53:Infinity":0,"s:55:6:61:Infinity":3,"f:55:6:55:55":1,"b:56:2:56:Infinity:undefined:undefined:undefined:undefined":1,"s:56:2:56:Infinity":4,"s:56:20:56:Infinity":5,"s:57:12:57:Infinity":6,"s:60:2:60:Infinity":7,"b:60:9:60:30:60:30:60:Infinity":2,"s:63:6:69:Infinity":8,"f:63:6:63:59":2,"b:64:2:64:Infinity:undefined:undefined:undefined:undefined":3,"s:64:2:64:Infinity":9,"s:64:20:64:Infinity":10,"s:65:12:65:Infinity":11,"s:68:2:68:Infinity":12,"b:68:9:68:39:68:39:68:Infinity":4,"s:71:13:72:Infinity":13,"f:71:13:71:Infinity":3,"s:72:2:72:Infinity":14,"b:72:10:72:28:72:28:72:46":5,"s:74:6:81:Infinity":15,"f:74:6:74:51":4,"b:75:2:75:Infinity:undefined:undefined:undefined:undefined":6,"s:75:2:75:Infinity":16,"s:75:20:75:Infinity":17,"s:76:2:80:Infinity":18,"s:77:4:77:Infinity":19,"s:79:4:79:Infinity":20,"s:83:6:94:Infinity":21,"f:83:6:83:31":5,"b:84:2:84:Infinity:undefined:undefined:undefined:undefined":7,"s:84:2:84:Infinity":22,"s:84:20:84:Infinity":23,"s:85:2:93:Infinity":24,"b:86:4:90:Infinity:88:11:90:Infinity":8,"s:86:4:90:Infinity":25,"s:87:6:87:Infinity":26,"s:89:6:89:Infinity":27,"s:96:6:116:Infinity":28,"f:96:6:96:23":6,"s:97:2:116:Infinity":29,"f:97:6:97:15":7,"s:98:20:98:Infinity":30,"b:99:4:102:Infinity:undefined:undefined:undefined:undefined":9,"s:99:4:102:Infinity":31,"s:100:6:100:Infinity":32,"s:101:6:101:Infinity":33,"b:103:4:108:Infinity:undefined:undefined:undefined:undefined":10,"s:103:4:108:Infinity":34,"s:104:6:106:Infinity":35,"f:104:29:104:52":8,"s:105:8:105:Infinity":36,"s:107:6:107:Infinity":37,"s:109:22:110:Infinity":38,"s:111:4:115:Infinity":39,"f:111:67:111:Infinity":9,"b:113:8:113:Infinity:undefined:undefined:undefined:undefined":11,"s:113:8:113:Infinity":40,"s:113:22:113:Infinity":41,"s:114:8:114:Infinity":42,"f:124:2:124:16":10,"s:122:47:122:Infinity":43,"s:125:4:125:Infinity":44,"s:126:4:126:Infinity":45,"s:127:4:127:Infinity":46,"f:130:2:130:10":11,"b:131:4:131:Infinity:undefined:undefined:undefined:undefined":12,"s:131:4:131:Infinity":47,"s:131:25:131:Infinity":48,"s:132:4:132:Infinity":49,"f:135:2:135:10":12,"b:136:4:136:Infinity:undefined:undefined:undefined:undefined":13,"s:136:4:136:Infinity":50,"s:136:21:136:Infinity":51,"b:137:4:139:Infinity:undefined:undefined:undefined:undefined":14,"s:137:4:139:Infinity":52,"s:138:6:138:Infinity":53,"b:140:4:143:Infinity:undefined:undefined:undefined:undefined":15,"s:140:4:143:Infinity":54,"s:141:20:141:Infinity":55,"f:141:36:141:42":13,"s:141:48:141:76":56,"b:142:6:142:Infinity:undefined:undefined:undefined:undefined":16,"s:142:6:142:Infinity":57,"s:142:17:142:Infinity":58,"b:144:4:146:Infinity:undefined:undefined:undefined:undefined":17,"s:144:4:146:Infinity":59,"s:145:6:145:Infinity":60,"b:145:13:145:35:145:35:145:Infinity":18,"s:147:4:147:Infinity":61,"f:150:2:150:25":14,"s:151:4:151:Infinity":62,"b:151:19:151:33:151:33:151:47":19,"f:154:2:154:26":15,"b:155:4:155:Infinity:undefined:undefined:undefined:undefined":20,"s:155:4:155:Infinity":63,"s:155:21:155:Infinity":64,"s:156:4:161:Infinity":65,"f:156:34:156:39":16,"s:156:46:161:6":66,"f:164:2:164:11":17,"s:165:4:165:Infinity":67,"s:166:4:166:Infinity":68,"s:167:4:167:Infinity":69,"f:170:2:170:17":18,"s:171:4:171:Infinity":70,"f:174:8:174:47":19,"b:175:4:175:Infinity:undefined:undefined:undefined:undefined":21,"s:175:4:175:Infinity":71,"s:175:21:175:Infinity":72,"s:176:19:176:Infinity":73,"s:177:4:177:Infinity":74,"s:178:4:183:Infinity":75,"f:178:18:178:23":20,"s:178:30:183:6":76,"f:186:2:186:8":21,"b:186:41:186:54":22,"b:187:4:187:Infinity:undefined:undefined:undefined:undefined":23,"s:187:4:187:Infinity":77,"s:187:29:187:Infinity":78,"b:188:4:188:Infinity:undefined:undefined:undefined:undefined":24,"s:188:4:188:Infinity":79,"b:188:8:188:17:188:17:188:31":25,"s:188:31:188:Infinity":80,"s:190:4:190:Infinity":81,"b:191:4:191:Infinity:undefined:undefined:undefined:undefined":26,"s:191:4:191:Infinity":82,"s:191:25:191:Infinity":83,"s:193:18:193:Infinity":84,"b:194:4:194:Infinity:undefined:undefined:undefined:undefined":27,"s:194:4:194:Infinity":85,"s:194:16:194:Infinity":86,"s:196:22:196:Infinity":87,"b:197:4:197:Infinity:undefined:undefined:undefined:undefined":28,"s:197:4:197:Infinity":88,"s:197:20:197:Infinity":89,"s:198:4:198:Infinity":90,"s:199:4:199:Infinity":91,"b:199:21:199:34:199:34:199:Infinity":29,"s:200:4:200:Infinity":92,"b:200:22:200:36:200:36:200:Infinity":30,"s:201:4:201:Infinity":93,"b:201:21:201:34:201:34:201:Infinity":31,"s:202:4:202:Infinity":94,"b:202:23:202:38:202:38:202:Infinity":32,"s:203:4:203:Infinity":95,"s:205:4:205:Infinity":96,"s:206:4:206:Infinity":97,"s:207:4:207:Infinity":98,"s:211:28:211:Infinity":99,"s:213:13:216:Infinity":100,"f:213:13:213:33":22,"b:214:2:214:Infinity:undefined:undefined:undefined:undefined":33,"s:214:2:214:Infinity":101,"s:214:18:214:Infinity":102,"s:215:2:215:Infinity":103,"s:218:13:220:Infinity":104,"f:218:13:218:46":23,"s:219:2:219:Infinity":105}}}
}
